<?xml version="1.0" encoding="UTF-8" ?>
<testsuite errors="8" failures="2" hostname="fantastickford" name="edu.uag.iidis.scec.pruebas.AllTests" skipped="0" tests="11" time="3.413" timestamp="2017-04-25T17:40:11">
  <properties>
[...]
</properties>
  <testcase classname="edu.uag.iidis.scec.pruebas.RolDAOTest" name="testCrearRol" time="0.306">
    <error message="org.hibernate.exception.SQLGrammarException: Base table or view not found,  message from server: &quot;Table &apos;login.Roles&apos; doesn&apos;t exist&quot;" type="edu.uag.iidis.scec.excepciones.ExcepcionInfraestructura">edu.uag.iidis.scec.excepciones.ExcepcionInfraestructura: org.hibernate.exception.SQLGrammarException: Base table or view not found,  message from server: &quot;Table &apos;login.Roles&apos; doesn&apos;t exist&quot;
	at edu.uag.iidis.scec.persistencia.RolDAO.hazPersistente(RolDAO.java:118)
	at edu.uag.iidis.scec.pruebas.RolDAOTest.testCrearRol(RolDAOTest.java:37)
	at junit.extensions.TestDecorator.basicRun(TestDecorator.java:23)
	at junit.extensions.TestSetup$1.protect(TestSetup.java:23)
	at junit.extensions.TestSetup.run(TestSetup.java:27)
Caused by: org.hibernate.exception.SQLGrammarException: Base table or view not found,  message from server: &quot;Table &apos;login.Roles&apos; doesn&apos;t exist&quot;
	at org.hibernate.exception.internal.SQLStateConverter.convert(SQLStateConverter.java:100)
	at org.hibernate.engine.jdbc.spi.SqlExceptionHelper.convert(SqlExceptionHelper.java:125)
	at org.hibernate.engine.jdbc.spi.SqlExceptionHelper.convert(SqlExceptionHelper.java:110)
	at org.hibernate.engine.jdbc.internal.proxy.AbstractStatementProxyHandler.continueInvocation(AbstractStatementProxyHandler.java:129)
	at org.hibernate.engine.jdbc.internal.proxy.AbstractProxyHandler.invoke(AbstractProxyHandler.java:81)
	at com.sun.proxy.$Proxy4.executeQuery(Unknown Source)
	at org.hibernate.id.IncrementGenerator.initializePreviousValueHolder(IncrementGenerator.java:128)
	at org.hibernate.id.IncrementGenerator.generate(IncrementGenerator.java:68)
	at org.hibernate.event.internal.AbstractSaveEventListener.saveWithGeneratedId(AbstractSaveEventListener.java:120)
	at org.hibernate.event.internal.DefaultSaveOrUpdateEventListener.saveWithGeneratedOrRequestedId(DefaultSaveOrUpdateEventListener.java:204)
	at org.hibernate.event.internal.DefaultSaveOrUpdateEventListener.entityIsTransient(DefaultSaveOrUpdateEventListener.java:189)
	at org.hibernate.event.internal.DefaultSaveOrUpdateEventListener.performSaveOrUpdate(DefaultSaveOrUpdateEventListener.java:114)
	at org.hibernate.event.internal.DefaultSaveOrUpdateEventListener.onSaveOrUpdate(DefaultSaveOrUpdateEventListener.java:90)
	at org.hibernate.internal.SessionImpl.fireSaveOrUpdate(SessionImpl.java:615)
	at org.hibernate.internal.SessionImpl.saveOrUpdate(SessionImpl.java:608)
	at org.hibernate.internal.SessionImpl.saveOrUpdate(SessionImpl.java:604)
	at edu.uag.iidis.scec.persistencia.RolDAO.hazPersistente(RolDAO.java:113)
Caused by: java.sql.SQLException: Base table or view not found,  message from server: &quot;Table &apos;login.Roles&apos; doesn&apos;t exist&quot;
	at com.mysql.jdbc.MysqlIO.checkErrorPacket(MysqlIO.java:1977)
	at com.mysql.jdbc.MysqlIO.sendCommand(MysqlIO.java:1163)
	at com.mysql.jdbc.MysqlIO.sqlQueryDirect(MysqlIO.java:1272)
	at com.mysql.jdbc.Connection.execSQL(Connection.java:2236)
	at com.mysql.jdbc.PreparedStatement.executeQuery(PreparedStatement.java:1555)
	at org.hibernate.engine.jdbc.internal.proxy.AbstractStatementProxyHandler.continueInvocation(AbstractStatementProxyHandler.java:122)
</error>
  </testcase>
  <testcase classname="edu.uag.iidis.scec.pruebas.UsuarioDAOTest" name="testCrearUsuarioInvalido" time="0.014" />
  <testcase classname="edu.uag.iidis.scec.pruebas.UsuarioDAOTest" name="testBuscarUsuarioPorId" time="0.034">
    <error message="Base table or view not found,  message from server: &quot;Table &apos;login.Usuarios&apos; doesn&apos;t exist&quot;" type="org.hibernate.exception.SQLGrammarException">org.hibernate.exception.SQLGrammarException: Base table or view not found,  message from server: &quot;Table &apos;login.Usuarios&apos; doesn&apos;t exist&quot;
	at org.hibernate.exception.internal.SQLStateConverter.convert(SQLStateConverter.java:100)
	at org.hibernate.engine.jdbc.spi.SqlExceptionHelper.convert(SqlExceptionHelper.java:125)
	at org.hibernate.engine.jdbc.spi.SqlExceptionHelper.convert(SqlExceptionHelper.java:110)
	at org.hibernate.engine.jdbc.internal.proxy.AbstractStatementProxyHandler.continueInvocation(AbstractStatementProxyHandler.java:129)
	at org.hibernate.engine.jdbc.internal.proxy.AbstractProxyHandler.invoke(AbstractProxyHandler.java:81)
	at com.sun.proxy.$Proxy4.executeQuery(Unknown Source)
	at org.hibernate.loader.Loader.getResultSet(Loader.java:1978)
	at org.hibernate.loader.Loader.doQuery(Loader.java:829)
	at org.hibernate.loader.Loader.doQueryAndInitializeNonLazyCollections(Loader.java:289)
	at org.hibernate.loader.Loader.doQueryAndInitializeNonLazyCollections(Loader.java:259)
	at org.hibernate.loader.Loader.loadEntity(Loader.java:2058)
	at org.hibernate.loader.entity.AbstractEntityLoader.load(AbstractEntityLoader.java:82)
	at org.hibernate.loader.entity.AbstractEntityLoader.load(AbstractEntityLoader.java:72)
	at org.hibernate.persister.entity.AbstractEntityPersister.load(AbstractEntityPersister.java:3697)
	at org.hibernate.event.internal.DefaultLoadEventListener.loadFromDatasource(DefaultLoadEventListener.java:439)
	at org.hibernate.event.internal.DefaultLoadEventListener.doLoad(DefaultLoadEventListener.java:420)
	at org.hibernate.event.internal.DefaultLoadEventListener.load(DefaultLoadEventListener.java:204)
	at org.hibernate.event.internal.DefaultLoadEventListener.onLoad(DefaultLoadEventListener.java:143)
	at org.hibernate.internal.SessionImpl.fireLoad(SessionImpl.java:954)
	at org.hibernate.internal.SessionImpl.immediateLoad(SessionImpl.java:891)
	at org.hibernate.proxy.AbstractLazyInitializer.initialize(AbstractLazyInitializer.java:158)
	at org.hibernate.proxy.AbstractLazyInitializer.getImplementation(AbstractLazyInitializer.java:195)
	at org.hibernate.proxy.pojo.javassist.JavassistLazyInitializer.invoke(JavassistLazyInitializer.java:185)
	at edu.uag.iidis.scec.modelo.Usuario_$$_javassist_5.getNombre(Usuario_$$_javassist_5.java)
	at edu.uag.iidis.scec.pruebas.UsuarioDAOTest.testBuscarUsuarioPorId(UsuarioDAOTest.java:79)
	at junit.extensions.TestDecorator.basicRun(TestDecorator.java:23)
	at junit.extensions.TestSetup$1.protect(TestSetup.java:23)
	at junit.extensions.TestSetup.run(TestSetup.java:27)
Caused by: java.sql.SQLException: Base table or view not found,  message from server: &quot;Table &apos;login.Usuarios&apos; doesn&apos;t exist&quot;
	at com.mysql.jdbc.MysqlIO.checkErrorPacket(MysqlIO.java:1977)
	at com.mysql.jdbc.MysqlIO.sendCommand(MysqlIO.java:1163)
	at com.mysql.jdbc.MysqlIO.sqlQueryDirect(MysqlIO.java:1272)
	at com.mysql.jdbc.Connection.execSQL(Connection.java:2236)
	at com.mysql.jdbc.PreparedStatement.executeQuery(PreparedStatement.java:1555)
	at org.hibernate.engine.jdbc.internal.proxy.AbstractStatementProxyHandler.continueInvocation(AbstractStatementProxyHandler.java:122)
</error>
  </testcase>
  <testcase classname="edu.uag.iidis.scec.pruebas.UsuarioDAOTest" name="testCrearUsuario" time="0.011">
    <error message="org.hibernate.exception.SQLGrammarException: Base table or view not found,  message from server: &quot;Table &apos;login.Usuarios&apos; doesn&apos;t exist&quot;" type="edu.uag.iidis.scec.excepciones.ExcepcionInfraestructura">edu.uag.iidis.scec.excepciones.ExcepcionInfraestructura: org.hibernate.exception.SQLGrammarException: Base table or view not found,  message from server: &quot;Table &apos;login.Usuarios&apos; doesn&apos;t exist&quot;
	at edu.uag.iidis.scec.persistencia.UsuarioDAO.hazPersistente(UsuarioDAO.java:200)
	at edu.uag.iidis.scec.pruebas.UsuarioDAOTest.testCrearUsuario(UsuarioDAOTest.java:38)
	at junit.extensions.TestDecorator.basicRun(TestDecorator.java:23)
	at junit.extensions.TestSetup$1.protect(TestSetup.java:23)
	at junit.extensions.TestSetup.run(TestSetup.java:27)
Caused by: org.hibernate.exception.SQLGrammarException: Base table or view not found,  message from server: &quot;Table &apos;login.Usuarios&apos; doesn&apos;t exist&quot;
	at org.hibernate.exception.internal.SQLStateConverter.convert(SQLStateConverter.java:100)
	at org.hibernate.engine.jdbc.spi.SqlExceptionHelper.convert(SqlExceptionHelper.java:125)
	at org.hibernate.engine.jdbc.spi.SqlExceptionHelper.convert(SqlExceptionHelper.java:110)
	at org.hibernate.engine.jdbc.internal.proxy.AbstractStatementProxyHandler.continueInvocation(AbstractStatementProxyHandler.java:129)
	at org.hibernate.engine.jdbc.internal.proxy.AbstractProxyHandler.invoke(AbstractProxyHandler.java:81)
	at com.sun.proxy.$Proxy4.executeQuery(Unknown Source)
	at org.hibernate.id.IncrementGenerator.initializePreviousValueHolder(IncrementGenerator.java:128)
	at org.hibernate.id.IncrementGenerator.generate(IncrementGenerator.java:68)
	at org.hibernate.event.internal.AbstractSaveEventListener.saveWithGeneratedId(AbstractSaveEventListener.java:120)
	at org.hibernate.event.internal.DefaultSaveOrUpdateEventListener.saveWithGeneratedOrRequestedId(DefaultSaveOrUpdateEventListener.java:204)
	at org.hibernate.event.internal.DefaultSaveOrUpdateEventListener.entityIsTransient(DefaultSaveOrUpdateEventListener.java:189)
	at org.hibernate.event.internal.DefaultSaveOrUpdateEventListener.performSaveOrUpdate(DefaultSaveOrUpdateEventListener.java:114)
	at org.hibernate.event.internal.DefaultSaveOrUpdateEventListener.onSaveOrUpdate(DefaultSaveOrUpdateEventListener.java:90)
	at org.hibernate.internal.SessionImpl.fireSaveOrUpdate(SessionImpl.java:615)
	at org.hibernate.internal.SessionImpl.saveOrUpdate(SessionImpl.java:608)
	at org.hibernate.internal.SessionImpl.saveOrUpdate(SessionImpl.java:604)
	at edu.uag.iidis.scec.persistencia.UsuarioDAO.hazPersistente(UsuarioDAO.java:194)
Caused by: java.sql.SQLException: Base table or view not found,  message from server: &quot;Table &apos;login.Usuarios&apos; doesn&apos;t exist&quot;
	at com.mysql.jdbc.MysqlIO.checkErrorPacket(MysqlIO.java:1977)
	at com.mysql.jdbc.MysqlIO.sendCommand(MysqlIO.java:1163)
	at com.mysql.jdbc.MysqlIO.sqlQueryDirect(MysqlIO.java:1272)
	at com.mysql.jdbc.Connection.execSQL(Connection.java:2236)
	at com.mysql.jdbc.PreparedStatement.executeQuery(PreparedStatement.java:1555)
	at org.hibernate.engine.jdbc.internal.proxy.AbstractStatementProxyHandler.continueInvocation(AbstractStatementProxyHandler.java:122)
</error>
  </testcase>
  <testcase classname="edu.uag.iidis.scec.pruebas.UsuarioDAOTest" name="testAgregarRol" time="0.014">
    <error message="Base table or view not found,  message from server: &quot;Table &apos;login.Usuarios&apos; doesn&apos;t exist&quot;" type="org.hibernate.exception.SQLGrammarException">org.hibernate.exception.SQLGrammarException: Base table or view not found,  message from server: &quot;Table &apos;login.Usuarios&apos; doesn&apos;t exist&quot;
	at org.hibernate.exception.internal.SQLStateConverter.convert(SQLStateConverter.java:100)
	at org.hibernate.engine.jdbc.spi.SqlExceptionHelper.convert(SqlExceptionHelper.java:125)
	at org.hibernate.engine.jdbc.spi.SqlExceptionHelper.convert(SqlExceptionHelper.java:110)
	at org.hibernate.engine.jdbc.internal.proxy.AbstractStatementProxyHandler.continueInvocation(AbstractStatementProxyHandler.java:129)
	at org.hibernate.engine.jdbc.internal.proxy.AbstractProxyHandler.invoke(AbstractProxyHandler.java:81)
	at com.sun.proxy.$Proxy4.executeQuery(Unknown Source)
	at org.hibernate.loader.Loader.getResultSet(Loader.java:1978)
	at org.hibernate.loader.Loader.doQuery(Loader.java:829)
	at org.hibernate.loader.Loader.doQueryAndInitializeNonLazyCollections(Loader.java:289)
	at org.hibernate.loader.Loader.doQueryAndInitializeNonLazyCollections(Loader.java:259)
	at org.hibernate.loader.Loader.loadEntity(Loader.java:2058)
	at org.hibernate.loader.entity.AbstractEntityLoader.load(AbstractEntityLoader.java:82)
	at org.hibernate.loader.entity.AbstractEntityLoader.load(AbstractEntityLoader.java:72)
	at org.hibernate.persister.entity.AbstractEntityPersister.load(AbstractEntityPersister.java:3697)
	at org.hibernate.event.internal.DefaultLoadEventListener.loadFromDatasource(DefaultLoadEventListener.java:439)
	at org.hibernate.event.internal.DefaultLoadEventListener.doLoad(DefaultLoadEventListener.java:420)
	at org.hibernate.event.internal.DefaultLoadEventListener.load(DefaultLoadEventListener.java:204)
	at org.hibernate.event.internal.DefaultLoadEventListener.onLoad(DefaultLoadEventListener.java:143)
	at org.hibernate.internal.SessionImpl.fireLoad(SessionImpl.java:954)
	at org.hibernate.internal.SessionImpl.immediateLoad(SessionImpl.java:891)
	at org.hibernate.proxy.AbstractLazyInitializer.initialize(AbstractLazyInitializer.java:158)
	at org.hibernate.proxy.AbstractLazyInitializer.getImplementation(AbstractLazyInitializer.java:195)
	at org.hibernate.proxy.pojo.javassist.JavassistLazyInitializer.invoke(JavassistLazyInitializer.java:185)
	at edu.uag.iidis.scec.modelo.Usuario_$$_javassist_5.addRol(Usuario_$$_javassist_5.java)
	at edu.uag.iidis.scec.pruebas.UsuarioDAOTest.testAgregarRol(UsuarioDAOTest.java:127)
	at junit.extensions.TestDecorator.basicRun(TestDecorator.java:23)
	at junit.extensions.TestSetup$1.protect(TestSetup.java:23)
	at junit.extensions.TestSetup.run(TestSetup.java:27)
Caused by: java.sql.SQLException: Base table or view not found,  message from server: &quot;Table &apos;login.Usuarios&apos; doesn&apos;t exist&quot;
	at com.mysql.jdbc.MysqlIO.checkErrorPacket(MysqlIO.java:1977)
	at com.mysql.jdbc.MysqlIO.sendCommand(MysqlIO.java:1163)
	at com.mysql.jdbc.MysqlIO.sqlQueryDirect(MysqlIO.java:1272)
	at com.mysql.jdbc.Connection.execSQL(Connection.java:2236)
	at com.mysql.jdbc.PreparedStatement.executeQuery(PreparedStatement.java:1555)
	at org.hibernate.engine.jdbc.internal.proxy.AbstractStatementProxyHandler.continueInvocation(AbstractStatementProxyHandler.java:122)
</error>
  </testcase>
  <testcase classname="edu.uag.iidis.scec.pruebas.UsuarioDAOTest" name="testVerificarRol" time="0.013">
    <error message="Base table or view not found,  message from server: &quot;Table &apos;login.Usuarios&apos; doesn&apos;t exist&quot;" type="org.hibernate.exception.SQLGrammarException">org.hibernate.exception.SQLGrammarException: Base table or view not found,  message from server: &quot;Table &apos;login.Usuarios&apos; doesn&apos;t exist&quot;
	at org.hibernate.exception.internal.SQLStateConverter.convert(SQLStateConverter.java:100)
	at org.hibernate.engine.jdbc.spi.SqlExceptionHelper.convert(SqlExceptionHelper.java:125)
	at org.hibernate.engine.jdbc.spi.SqlExceptionHelper.convert(SqlExceptionHelper.java:110)
	at org.hibernate.engine.jdbc.internal.proxy.AbstractStatementProxyHandler.continueInvocation(AbstractStatementProxyHandler.java:129)
	at org.hibernate.engine.jdbc.internal.proxy.AbstractProxyHandler.invoke(AbstractProxyHandler.java:81)
	at com.sun.proxy.$Proxy4.executeQuery(Unknown Source)
	at org.hibernate.loader.Loader.getResultSet(Loader.java:1978)
	at org.hibernate.loader.Loader.doQuery(Loader.java:829)
	at org.hibernate.loader.Loader.doQueryAndInitializeNonLazyCollections(Loader.java:289)
	at org.hibernate.loader.Loader.doQueryAndInitializeNonLazyCollections(Loader.java:259)
	at org.hibernate.loader.Loader.loadEntity(Loader.java:2058)
	at org.hibernate.loader.entity.AbstractEntityLoader.load(AbstractEntityLoader.java:82)
	at org.hibernate.loader.entity.AbstractEntityLoader.load(AbstractEntityLoader.java:72)
	at org.hibernate.persister.entity.AbstractEntityPersister.load(AbstractEntityPersister.java:3697)
	at org.hibernate.event.internal.DefaultLoadEventListener.loadFromDatasource(DefaultLoadEventListener.java:439)
	at org.hibernate.event.internal.DefaultLoadEventListener.doLoad(DefaultLoadEventListener.java:420)
	at org.hibernate.event.internal.DefaultLoadEventListener.load(DefaultLoadEventListener.java:204)
	at org.hibernate.event.internal.DefaultLoadEventListener.onLoad(DefaultLoadEventListener.java:143)
	at org.hibernate.internal.SessionImpl.fireLoad(SessionImpl.java:954)
	at org.hibernate.internal.SessionImpl.immediateLoad(SessionImpl.java:891)
	at org.hibernate.proxy.AbstractLazyInitializer.initialize(AbstractLazyInitializer.java:158)
	at org.hibernate.proxy.AbstractLazyInitializer.getImplementation(AbstractLazyInitializer.java:195)
	at org.hibernate.proxy.pojo.javassist.JavassistLazyInitializer.invoke(JavassistLazyInitializer.java:185)
	at edu.uag.iidis.scec.modelo.Usuario_$$_javassist_5.getRoles(Usuario_$$_javassist_5.java)
	at edu.uag.iidis.scec.pruebas.UsuarioDAOTest.testVerificarRol(UsuarioDAOTest.java:145)
	at junit.extensions.TestDecorator.basicRun(TestDecorator.java:23)
	at junit.extensions.TestSetup$1.protect(TestSetup.java:23)
	at junit.extensions.TestSetup.run(TestSetup.java:27)
Caused by: java.sql.SQLException: Base table or view not found,  message from server: &quot;Table &apos;login.Usuarios&apos; doesn&apos;t exist&quot;
	at com.mysql.jdbc.MysqlIO.checkErrorPacket(MysqlIO.java:1977)
	at com.mysql.jdbc.MysqlIO.sendCommand(MysqlIO.java:1163)
	at com.mysql.jdbc.MysqlIO.sqlQueryDirect(MysqlIO.java:1272)
	at com.mysql.jdbc.Connection.execSQL(Connection.java:2236)
	at com.mysql.jdbc.PreparedStatement.executeQuery(PreparedStatement.java:1555)
	at org.hibernate.engine.jdbc.internal.proxy.AbstractStatementProxyHandler.continueInvocation(AbstractStatementProxyHandler.java:122)
</error>
  </testcase>
  <testcase classname="edu.uag.iidis.scec.pruebas.UsuarioDAOTest" name="testBuscarPorEjemplo" time="0.061">
    <error message="org.hibernate.exception.SQLGrammarException: Base table or view not found,  message from server: &quot;Table &apos;login.Usuarios&apos; doesn&apos;t exist&quot;" type="edu.uag.iidis.scec.excepciones.ExcepcionInfraestructura">edu.uag.iidis.scec.excepciones.ExcepcionInfraestructura: org.hibernate.exception.SQLGrammarException: Base table or view not found,  message from server: &quot;Table &apos;login.Usuarios&apos; doesn&apos;t exist&quot;
	at edu.uag.iidis.scec.persistencia.UsuarioDAO.buscarPorEjemplo(UsuarioDAO.java:137)
	at edu.uag.iidis.scec.pruebas.UsuarioDAOTest.testBuscarPorEjemplo(UsuarioDAOTest.java:96)
	at junit.extensions.TestDecorator.basicRun(TestDecorator.java:23)
	at junit.extensions.TestSetup$1.protect(TestSetup.java:23)
	at junit.extensions.TestSetup.run(TestSetup.java:27)
Caused by: org.hibernate.exception.SQLGrammarException: Base table or view not found,  message from server: &quot;Table &apos;login.Usuarios&apos; doesn&apos;t exist&quot;
	at org.hibernate.exception.internal.SQLStateConverter.convert(SQLStateConverter.java:100)
	at org.hibernate.engine.jdbc.spi.SqlExceptionHelper.convert(SqlExceptionHelper.java:125)
	at org.hibernate.engine.jdbc.spi.SqlExceptionHelper.convert(SqlExceptionHelper.java:110)
	at org.hibernate.engine.jdbc.internal.proxy.AbstractStatementProxyHandler.continueInvocation(AbstractStatementProxyHandler.java:129)
	at org.hibernate.engine.jdbc.internal.proxy.AbstractProxyHandler.invoke(AbstractProxyHandler.java:81)
	at com.sun.proxy.$Proxy4.executeQuery(Unknown Source)
	at org.hibernate.loader.Loader.getResultSet(Loader.java:1978)
	at org.hibernate.loader.Loader.doQuery(Loader.java:829)
	at org.hibernate.loader.Loader.doQueryAndInitializeNonLazyCollections(Loader.java:289)
	at org.hibernate.loader.Loader.doList(Loader.java:2463)
	at org.hibernate.loader.Loader.doList(Loader.java:2449)
	at org.hibernate.loader.Loader.listIgnoreQueryCache(Loader.java:2279)
	at org.hibernate.loader.Loader.list(Loader.java:2274)
	at org.hibernate.loader.criteria.CriteriaLoader.list(CriteriaLoader.java:122)
	at org.hibernate.internal.SessionImpl.list(SessionImpl.java:1483)
	at org.hibernate.internal.CriteriaImpl.list(CriteriaImpl.java:374)
	at edu.uag.iidis.scec.persistencia.UsuarioDAO.buscarPorEjemplo(UsuarioDAO.java:132)
Caused by: java.sql.SQLException: Base table or view not found,  message from server: &quot;Table &apos;login.Usuarios&apos; doesn&apos;t exist&quot;
	at com.mysql.jdbc.MysqlIO.checkErrorPacket(MysqlIO.java:1977)
	at com.mysql.jdbc.MysqlIO.sendCommand(MysqlIO.java:1163)
	at com.mysql.jdbc.MysqlIO.sqlQueryDirect(MysqlIO.java:1272)
	at com.mysql.jdbc.Connection.execSQL(Connection.java:2236)
	at com.mysql.jdbc.PreparedStatement.executeQuery(PreparedStatement.java:1555)
	at org.hibernate.engine.jdbc.internal.proxy.AbstractStatementProxyHandler.continueInvocation(AbstractStatementProxyHandler.java:122)
</error>
  </testcase>
  <testcase classname="edu.uag.iidis.scec.pruebas.UsuarioDAOTest" name="testBuscarTodos" time="0.012">
    <error message="org.hibernate.exception.SQLGrammarException: Base table or view not found,  message from server: &quot;Table &apos;login.Usuarios&apos; doesn&apos;t exist&quot;" type="edu.uag.iidis.scec.excepciones.ExcepcionInfraestructura">edu.uag.iidis.scec.excepciones.ExcepcionInfraestructura: org.hibernate.exception.SQLGrammarException: Base table or view not found,  message from server: &quot;Table &apos;login.Usuarios&apos; doesn&apos;t exist&quot;
	at edu.uag.iidis.scec.persistencia.UsuarioDAO.buscarTodos(UsuarioDAO.java:113)
	at edu.uag.iidis.scec.pruebas.UsuarioDAOTest.testBuscarTodos(UsuarioDAOTest.java:110)
	at junit.extensions.TestDecorator.basicRun(TestDecorator.java:23)
	at junit.extensions.TestSetup$1.protect(TestSetup.java:23)
	at junit.extensions.TestSetup.run(TestSetup.java:27)
Caused by: org.hibernate.exception.SQLGrammarException: Base table or view not found,  message from server: &quot;Table &apos;login.Usuarios&apos; doesn&apos;t exist&quot;
	at org.hibernate.exception.internal.SQLStateConverter.convert(SQLStateConverter.java:100)
	at org.hibernate.engine.jdbc.spi.SqlExceptionHelper.convert(SqlExceptionHelper.java:125)
	at org.hibernate.engine.jdbc.spi.SqlExceptionHelper.convert(SqlExceptionHelper.java:110)
	at org.hibernate.engine.jdbc.internal.proxy.AbstractStatementProxyHandler.continueInvocation(AbstractStatementProxyHandler.java:129)
	at org.hibernate.engine.jdbc.internal.proxy.AbstractProxyHandler.invoke(AbstractProxyHandler.java:81)
	at com.sun.proxy.$Proxy4.executeQuery(Unknown Source)
	at org.hibernate.loader.Loader.getResultSet(Loader.java:1978)
	at org.hibernate.loader.Loader.doQuery(Loader.java:829)
	at org.hibernate.loader.Loader.doQueryAndInitializeNonLazyCollections(Loader.java:289)
	at org.hibernate.loader.Loader.doList(Loader.java:2463)
	at org.hibernate.loader.Loader.doList(Loader.java:2449)
	at org.hibernate.loader.Loader.listIgnoreQueryCache(Loader.java:2279)
	at org.hibernate.loader.Loader.list(Loader.java:2274)
	at org.hibernate.loader.criteria.CriteriaLoader.list(CriteriaLoader.java:122)
	at org.hibernate.internal.SessionImpl.list(SessionImpl.java:1483)
	at org.hibernate.internal.CriteriaImpl.list(CriteriaImpl.java:374)
	at edu.uag.iidis.scec.persistencia.UsuarioDAO.buscarTodos(UsuarioDAO.java:106)
Caused by: java.sql.SQLException: Base table or view not found,  message from server: &quot;Table &apos;login.Usuarios&apos; doesn&apos;t exist&quot;
	at com.mysql.jdbc.MysqlIO.checkErrorPacket(MysqlIO.java:1977)
	at com.mysql.jdbc.MysqlIO.sendCommand(MysqlIO.java:1163)
	at com.mysql.jdbc.MysqlIO.sqlQueryDirect(MysqlIO.java:1272)
	at com.mysql.jdbc.Connection.execSQL(Connection.java:2236)
	at com.mysql.jdbc.PreparedStatement.executeQuery(PreparedStatement.java:1555)
	at org.hibernate.engine.jdbc.internal.proxy.AbstractStatementProxyHandler.continueInvocation(AbstractStatementProxyHandler.java:122)
</error>
  </testcase>
  <testcase classname="edu.uag.iidis.scec.pruebas.UsuarioDAOTest" name="testEliminarRol" time="0.013">
    <error message="Base table or view not found,  message from server: &quot;Table &apos;login.Usuarios&apos; doesn&apos;t exist&quot;" type="org.hibernate.exception.SQLGrammarException">org.hibernate.exception.SQLGrammarException: Base table or view not found,  message from server: &quot;Table &apos;login.Usuarios&apos; doesn&apos;t exist&quot;
	at org.hibernate.exception.internal.SQLStateConverter.convert(SQLStateConverter.java:100)
	at org.hibernate.engine.jdbc.spi.SqlExceptionHelper.convert(SqlExceptionHelper.java:125)
	at org.hibernate.engine.jdbc.spi.SqlExceptionHelper.convert(SqlExceptionHelper.java:110)
	at org.hibernate.engine.jdbc.internal.proxy.AbstractStatementProxyHandler.continueInvocation(AbstractStatementProxyHandler.java:129)
	at org.hibernate.engine.jdbc.internal.proxy.AbstractProxyHandler.invoke(AbstractProxyHandler.java:81)
	at com.sun.proxy.$Proxy4.executeQuery(Unknown Source)
	at org.hibernate.loader.Loader.getResultSet(Loader.java:1978)
	at org.hibernate.loader.Loader.doQuery(Loader.java:829)
	at org.hibernate.loader.Loader.doQueryAndInitializeNonLazyCollections(Loader.java:289)
	at org.hibernate.loader.Loader.doQueryAndInitializeNonLazyCollections(Loader.java:259)
	at org.hibernate.loader.Loader.loadEntity(Loader.java:2058)
	at org.hibernate.loader.entity.AbstractEntityLoader.load(AbstractEntityLoader.java:82)
	at org.hibernate.loader.entity.AbstractEntityLoader.load(AbstractEntityLoader.java:72)
	at org.hibernate.persister.entity.AbstractEntityPersister.load(AbstractEntityPersister.java:3697)
	at org.hibernate.event.internal.DefaultLoadEventListener.loadFromDatasource(DefaultLoadEventListener.java:439)
	at org.hibernate.event.internal.DefaultLoadEventListener.doLoad(DefaultLoadEventListener.java:420)
	at org.hibernate.event.internal.DefaultLoadEventListener.load(DefaultLoadEventListener.java:204)
	at org.hibernate.event.internal.DefaultLoadEventListener.onLoad(DefaultLoadEventListener.java:143)
	at org.hibernate.internal.SessionImpl.fireLoad(SessionImpl.java:954)
	at org.hibernate.internal.SessionImpl.immediateLoad(SessionImpl.java:891)
	at org.hibernate.proxy.AbstractLazyInitializer.initialize(AbstractLazyInitializer.java:158)
	at org.hibernate.proxy.AbstractLazyInitializer.getImplementation(AbstractLazyInitializer.java:195)
	at org.hibernate.proxy.pojo.javassist.JavassistLazyInitializer.invoke(JavassistLazyInitializer.java:185)
	at edu.uag.iidis.scec.modelo.Usuario_$$_javassist_5.removeRol(Usuario_$$_javassist_5.java)
	at edu.uag.iidis.scec.pruebas.UsuarioDAOTest.testEliminarRol(UsuarioDAOTest.java:160)
	at junit.extensions.TestDecorator.basicRun(TestDecorator.java:23)
	at junit.extensions.TestSetup$1.protect(TestSetup.java:23)
	at junit.extensions.TestSetup.run(TestSetup.java:27)
Caused by: java.sql.SQLException: Base table or view not found,  message from server: &quot;Table &apos;login.Usuarios&apos; doesn&apos;t exist&quot;
	at com.mysql.jdbc.MysqlIO.checkErrorPacket(MysqlIO.java:1977)
	at com.mysql.jdbc.MysqlIO.sendCommand(MysqlIO.java:1163)
	at com.mysql.jdbc.MysqlIO.sqlQueryDirect(MysqlIO.java:1272)
	at com.mysql.jdbc.Connection.execSQL(Connection.java:2236)
	at com.mysql.jdbc.PreparedStatement.executeQuery(PreparedStatement.java:1555)
	at org.hibernate.engine.jdbc.internal.proxy.AbstractStatementProxyHandler.continueInvocation(AbstractStatementProxyHandler.java:122)
</error>
  </testcase>
  <testcase classname="junit.framework.TestSuite$1" name="warning" time="0.002">
    <failure message="No tests found in edu.uag.iidis.scec.pruebas.TareaDAOTest" type="junit.framework.AssertionFailedError">junit.framework.AssertionFailedError: No tests found in edu.uag.iidis.scec.pruebas.TareaDAOTest
	at junit.extensions.TestDecorator.basicRun(TestDecorator.java:23)
	at junit.extensions.TestSetup$1.protect(TestSetup.java:23)
	at junit.extensions.TestSetup.run(TestSetup.java:27)
</failure>
  </testcase>
  <testcase classname="junit.framework.TestSuite$1" name="warning" time="0.002">
    <failure message="No tests found in edu.uag.iidis.scec.pruebas.SugerenciaDAOTest" type="junit.framework.AssertionFailedError">junit.framework.AssertionFailedError: No tests found in edu.uag.iidis.scec.pruebas.SugerenciaDAOTest
	at junit.extensions.TestDecorator.basicRun(TestDecorator.java:23)
	at junit.extensions.TestSetup$1.protect(TestSetup.java:23)
	at junit.extensions.TestSetup.run(TestSetup.java:27)
</failure>
  </testcase>
  <system-out><![CDATA[[SCEC] 2017-04-25 12:40:11,895 DEBUG edu.uag.iidis.scec.persistencia.hibernate.HibernateUtil.<clinit>(69) : >creando sessionFactory
[SCEC] 2017-04-25 12:40:14,367 ERROR org.hibernate.tool.hbm2ddl.SchemaExport.perform(426) : HHH000389: Unsuccessful: alter table UsuarioRol drop foreign key FK4CA33E1C7F566F0
[SCEC] 2017-04-25 12:40:14,368 ERROR org.hibernate.tool.hbm2ddl.SchemaExport.perform(427) : Base table or view not found,  message from server: "Table 'login.UsuarioRol' doesn't exist"
[SCEC] 2017-04-25 12:40:14,369 ERROR org.hibernate.tool.hbm2ddl.SchemaExport.perform(426) : HHH000389: Unsuccessful: alter table UsuarioRol drop foreign key FK4CA33E1BC6DE0AE
[SCEC] 2017-04-25 12:40:14,370 ERROR org.hibernate.tool.hbm2ddl.SchemaExport.perform(427) : Base table or view not found,  message from server: "Table 'login.UsuarioRol' doesn't exist"
[SCEC] 2017-04-25 12:40:14,373 ERROR org.hibernate.tool.hbm2ddl.SchemaExport.perform(426) : HHH000389: Unsuccessful: create table Estados (id bigint not null, Nombre varchar(255) not null unique, Descripcion varchar(255), primary key (id)) type=InnoDB
[SCEC] 2017-04-25 12:40:14,374 ERROR org.hibernate.tool.hbm2ddl.SchemaExport.perform(427) : Syntax error or access violation,  message from server: "You have an error in your SQL syntax; check the manual that corresponds to your MySQL server version for the right syntax to use near 'type=InnoDB' at line 6"
[SCEC] 2017-04-25 12:40:14,375 ERROR org.hibernate.tool.hbm2ddl.SchemaExport.perform(426) : HHH000389: Unsuccessful: create table Lugares (id bigint not null, Nombre varchar(255) not null unique, Descripcion varchar(255), Poblacion bigint, Coordenadas varchar(255), Estado varchar(255), Imagen varchar(255), Pais varchar(255), Moneda varchar(255), primary key (id)) type=InnoDB
[SCEC] 2017-04-25 12:40:14,376 ERROR org.hibernate.tool.hbm2ddl.SchemaExport.perform(427) : Syntax error or access violation,  message from server: "You have an error in your SQL syntax; check the manual that corresponds to your MySQL server version for the right syntax to use near 'type=InnoDB' at line 12"
[SCEC] 2017-04-25 12:40:14,377 ERROR org.hibernate.tool.hbm2ddl.SchemaExport.perform(426) : HHH000389: Unsuccessful: create table Pais (id bigint not null, Nombre varchar(255) not null unique, Descripcion varchar(255), primary key (id)) type=InnoDB
[SCEC] 2017-04-25 12:40:14,378 ERROR org.hibernate.tool.hbm2ddl.SchemaExport.perform(427) : Syntax error or access violation,  message from server: "You have an error in your SQL syntax; check the manual that corresponds to your MySQL server version for the right syntax to use near 'type=InnoDB' at line 6"
[SCEC] 2017-04-25 12:40:14,379 ERROR org.hibernate.tool.hbm2ddl.SchemaExport.perform(426) : HHH000389: Unsuccessful: create table Recomendaciones (id bigint not null, Nombre varchar(255) not null, Estado varchar(255), Usuario varchar(255), Fecha varchar(255), Comentario varchar(255), Calificacion bigint, primary key (id)) type=InnoDB
[SCEC] 2017-04-25 12:40:14,379 ERROR org.hibernate.tool.hbm2ddl.SchemaExport.perform(427) : Syntax error or access violation,  message from server: "You have an error in your SQL syntax; check the manual that corresponds to your MySQL server version for the right syntax to use near 'type=InnoDB' at line 10"
[SCEC] 2017-04-25 12:40:14,380 ERROR org.hibernate.tool.hbm2ddl.SchemaExport.perform(426) : HHH000389: Unsuccessful: create table Roles (idRol bigint not null, nombre varchar(255) not null unique, descripcion varchar(255), primary key (idRol)) type=InnoDB
[SCEC] 2017-04-25 12:40:14,381 ERROR org.hibernate.tool.hbm2ddl.SchemaExport.perform(427) : Syntax error or access violation,  message from server: "You have an error in your SQL syntax; check the manual that corresponds to your MySQL server version for the right syntax to use near 'type=InnoDB' at line 6"
[SCEC] 2017-04-25 12:40:14,382 ERROR org.hibernate.tool.hbm2ddl.SchemaExport.perform(426) : HHH000389: Unsuccessful: create table Tareas (idTareas bigint not null, TareaNombre varchar(255) unique, TareaDescripcion varchar(255), TareaEstado varchar(255), nombreUsuario varchar(255), primary key (idTareas)) type=InnoDB
[SCEC] 2017-04-25 12:40:14,385 ERROR org.hibernate.tool.hbm2ddl.SchemaExport.perform(427) : Syntax error or access violation,  message from server: "You have an error in your SQL syntax; check the manual that corresponds to your MySQL server version for the right syntax to use near 'type=InnoDB' at line 8"
[SCEC] 2017-04-25 12:40:14,386 ERROR org.hibernate.tool.hbm2ddl.SchemaExport.perform(426) : HHH000389: Unsuccessful: create table UsuarioRol (idUsuario bigint not null, idRol bigint not null) type=InnoDB
[SCEC] 2017-04-25 12:40:14,387 ERROR org.hibernate.tool.hbm2ddl.SchemaExport.perform(427) : Syntax error or access violation,  message from server: "You have an error in your SQL syntax; check the manual that corresponds to your MySQL server version for the right syntax to use near 'type=InnoDB' at line 4"
[SCEC] 2017-04-25 12:40:14,388 ERROR org.hibernate.tool.hbm2ddl.SchemaExport.perform(426) : HHH000389: Unsuccessful: create table Usuarios (idUsuario bigint not null, nombrePrefijo varchar(255), nombreNombre varchar(255), nombreApellidoPaterno varchar(255), nombreApellidoMaterno varchar(255), nombrePosfijo varchar(255), nombreIniciales varchar(255), lng float, lat float, nombreUsuario varchar(255) not null unique, claveAcceso varchar(255) not null, primary key (idUsuario)) type=InnoDB
[SCEC] 2017-04-25 12:40:14,389 ERROR org.hibernate.tool.hbm2ddl.SchemaExport.perform(427) : Syntax error or access violation,  message from server: "You have an error in your SQL syntax; check the manual that corresponds to your MySQL server version for the right syntax to use near 'type=InnoDB' at line 14"
[SCEC] 2017-04-25 12:40:14,390 ERROR org.hibernate.tool.hbm2ddl.SchemaExport.perform(426) : HHH000389: Unsuccessful: create table ciudades (idciudad bigint not null, nombre varchar(255) not null unique, descripcion varchar(255), primary key (idciudad)) type=InnoDB
[SCEC] 2017-04-25 12:40:14,390 ERROR org.hibernate.tool.hbm2ddl.SchemaExport.perform(427) : Syntax error or access violation,  message from server: "You have an error in your SQL syntax; check the manual that corresponds to your MySQL server version for the right syntax to use near 'type=InnoDB' at line 6"
[SCEC] 2017-04-25 12:40:14,391 ERROR org.hibernate.tool.hbm2ddl.SchemaExport.perform(426) : HHH000389: Unsuccessful: alter table UsuarioRol add index FK4CA33E1C7F566F0 (idRol), add constraint FK4CA33E1C7F566F0 foreign key (idRol) references Roles (idRol)
[SCEC] 2017-04-25 12:40:14,392 ERROR org.hibernate.tool.hbm2ddl.SchemaExport.perform(427) : Base table or view not found,  message from server: "Table 'login.UsuarioRol' doesn't exist"
[SCEC] 2017-04-25 12:40:14,393 ERROR org.hibernate.tool.hbm2ddl.SchemaExport.perform(426) : HHH000389: Unsuccessful: alter table UsuarioRol add index FK4CA33E1BC6DE0AE (idUsuario), add constraint FK4CA33E1BC6DE0AE foreign key (idUsuario) references Usuarios (idUsuario)
[SCEC] 2017-04-25 12:40:14,393 ERROR org.hibernate.tool.hbm2ddl.SchemaExport.perform(427) : Base table or view not found,  message from server: "Table 'login.UsuarioRol' doesn't exist"
[SCEC] 2017-04-25 12:40:14,400 DEBUG edu.uag.iidis.scec.persistencia.hibernate.HibernateUtil.beginTransaction(230) : >beginTransaction()
[SCEC] 2017-04-25 12:40:14,401 DEBUG edu.uag.iidis.scec.persistencia.hibernate.HibernateUtil.beginTransaction(237) : -Iniciando una nueva transacción de base de datos en este thread.
[SCEC] 2017-04-25 12:40:14,402 DEBUG edu.uag.iidis.scec.persistencia.hibernate.HibernateUtil.getSession(160) : >getSession()
[SCEC] 2017-04-25 12:40:14,403 DEBUG edu.uag.iidis.scec.persistencia.hibernate.HibernateUtil.getSession(167) : -Abriendo una nueva sesión para el thread.
[SCEC] 2017-04-25 12:40:14,480 DEBUG edu.uag.iidis.scec.persistencia.RolDAO.hazPersistente(109) : >hazPersistente(rol)
[SCEC] 2017-04-25 12:40:14,481 DEBUG edu.uag.iidis.scec.persistencia.hibernate.HibernateUtil.getSession(160) : >getSession()
Hibernate: select max(idRol) from Roles
[SCEC] 2017-04-25 12:40:14,664  WARN org.hibernate.engine.jdbc.spi.SqlExceptionHelper.logExceptions(143) : SQL Error: 1146, SQLState: 42S02
[SCEC] 2017-04-25 12:40:14,665 ERROR org.hibernate.engine.jdbc.spi.SqlExceptionHelper.logExceptions(144) : Base table or view not found,  message from server: "Table 'login.Roles' doesn't exist"
[SCEC] 2017-04-25 12:40:14,668  WARN edu.uag.iidis.scec.persistencia.RolDAO.hazPersistente(116) : <HibernateException
[SCEC] 2017-04-25 12:40:14,669 DEBUG edu.uag.iidis.scec.persistencia.hibernate.HibernateUtil.rollbackTransaction(287) : >rollbackTransaction()
[SCEC] 2017-04-25 12:40:14,670 DEBUG edu.uag.iidis.scec.persistencia.hibernate.HibernateUtil.rollbackTransaction(295) : -Intentando deshacer la transacción para este thread.
[SCEC] 2017-04-25 12:40:14,673 DEBUG edu.uag.iidis.scec.persistencia.hibernate.HibernateUtil.rollbackTransaction(304) : -Intentando cerrar la sesión.
[SCEC] 2017-04-25 12:40:14,674 DEBUG edu.uag.iidis.scec.persistencia.hibernate.HibernateUtil.closeSession(204) : >closeSession()
[SCEC] 2017-04-25 12:40:14,675 DEBUG edu.uag.iidis.scec.persistencia.hibernate.HibernateUtil.closeSession(212) : -Cerrando la sesión local al thread.
[SCEC] 2017-04-25 12:40:14,680 DEBUG edu.uag.iidis.scec.persistencia.hibernate.HibernateUtil.closeSession(204) : >closeSession()
[SCEC] 2017-04-25 12:40:14,733 ERROR org.hibernate.tool.hbm2ddl.SchemaExport.perform(426) : HHH000389: Unsuccessful: alter table UsuarioRol drop foreign key FK4CA33E1C7F566F0
[SCEC] 2017-04-25 12:40:14,734 ERROR org.hibernate.tool.hbm2ddl.SchemaExport.perform(427) : Base table or view not found,  message from server: "Table 'login.UsuarioRol' doesn't exist"
[SCEC] 2017-04-25 12:40:14,736 ERROR org.hibernate.tool.hbm2ddl.SchemaExport.perform(426) : HHH000389: Unsuccessful: alter table UsuarioRol drop foreign key FK4CA33E1BC6DE0AE
[SCEC] 2017-04-25 12:40:14,736 ERROR org.hibernate.tool.hbm2ddl.SchemaExport.perform(427) : Base table or view not found,  message from server: "Table 'login.UsuarioRol' doesn't exist"
[SCEC] 2017-04-25 12:40:14,741 ERROR org.hibernate.tool.hbm2ddl.SchemaExport.perform(426) : HHH000389: Unsuccessful: create table Estados (id bigint not null, Nombre varchar(255) not null unique, Descripcion varchar(255), primary key (id)) type=InnoDB
[SCEC] 2017-04-25 12:40:14,742 ERROR org.hibernate.tool.hbm2ddl.SchemaExport.perform(427) : Syntax error or access violation,  message from server: "You have an error in your SQL syntax; check the manual that corresponds to your MySQL server version for the right syntax to use near 'type=InnoDB' at line 6"
[SCEC] 2017-04-25 12:40:14,743 ERROR org.hibernate.tool.hbm2ddl.SchemaExport.perform(426) : HHH000389: Unsuccessful: create table Lugares (id bigint not null, Nombre varchar(255) not null unique, Descripcion varchar(255), Poblacion bigint, Coordenadas varchar(255), Estado varchar(255), Imagen varchar(255), Pais varchar(255), Moneda varchar(255), primary key (id)) type=InnoDB
[SCEC] 2017-04-25 12:40:14,744 ERROR org.hibernate.tool.hbm2ddl.SchemaExport.perform(427) : Syntax error or access violation,  message from server: "You have an error in your SQL syntax; check the manual that corresponds to your MySQL server version for the right syntax to use near 'type=InnoDB' at line 12"
[SCEC] 2017-04-25 12:40:14,746 ERROR org.hibernate.tool.hbm2ddl.SchemaExport.perform(426) : HHH000389: Unsuccessful: create table Pais (id bigint not null, Nombre varchar(255) not null unique, Descripcion varchar(255), primary key (id)) type=InnoDB
[SCEC] 2017-04-25 12:40:14,746 ERROR org.hibernate.tool.hbm2ddl.SchemaExport.perform(427) : Syntax error or access violation,  message from server: "You have an error in your SQL syntax; check the manual that corresponds to your MySQL server version for the right syntax to use near 'type=InnoDB' at line 6"
[SCEC] 2017-04-25 12:40:14,748 ERROR org.hibernate.tool.hbm2ddl.SchemaExport.perform(426) : HHH000389: Unsuccessful: create table Recomendaciones (id bigint not null, Nombre varchar(255) not null, Estado varchar(255), Usuario varchar(255), Fecha varchar(255), Comentario varchar(255), Calificacion bigint, primary key (id)) type=InnoDB
[SCEC] 2017-04-25 12:40:14,749 ERROR org.hibernate.tool.hbm2ddl.SchemaExport.perform(427) : Syntax error or access violation,  message from server: "You have an error in your SQL syntax; check the manual that corresponds to your MySQL server version for the right syntax to use near 'type=InnoDB' at line 10"
[SCEC] 2017-04-25 12:40:14,750 ERROR org.hibernate.tool.hbm2ddl.SchemaExport.perform(426) : HHH000389: Unsuccessful: create table Roles (idRol bigint not null, nombre varchar(255) not null unique, descripcion varchar(255), primary key (idRol)) type=InnoDB
[SCEC] 2017-04-25 12:40:14,751 ERROR org.hibernate.tool.hbm2ddl.SchemaExport.perform(427) : Syntax error or access violation,  message from server: "You have an error in your SQL syntax; check the manual that corresponds to your MySQL server version for the right syntax to use near 'type=InnoDB' at line 6"
[SCEC] 2017-04-25 12:40:14,753 ERROR org.hibernate.tool.hbm2ddl.SchemaExport.perform(426) : HHH000389: Unsuccessful: create table Tareas (idTareas bigint not null, TareaNombre varchar(255) unique, TareaDescripcion varchar(255), TareaEstado varchar(255), nombreUsuario varchar(255), primary key (idTareas)) type=InnoDB
[SCEC] 2017-04-25 12:40:14,753 ERROR org.hibernate.tool.hbm2ddl.SchemaExport.perform(427) : Syntax error or access violation,  message from server: "You have an error in your SQL syntax; check the manual that corresponds to your MySQL server version for the right syntax to use near 'type=InnoDB' at line 8"
[SCEC] 2017-04-25 12:40:14,755 ERROR org.hibernate.tool.hbm2ddl.SchemaExport.perform(426) : HHH000389: Unsuccessful: create table UsuarioRol (idUsuario bigint not null, idRol bigint not null) type=InnoDB
[SCEC] 2017-04-25 12:40:14,756 ERROR org.hibernate.tool.hbm2ddl.SchemaExport.perform(427) : Syntax error or access violation,  message from server: "You have an error in your SQL syntax; check the manual that corresponds to your MySQL server version for the right syntax to use near 'type=InnoDB' at line 4"
[SCEC] 2017-04-25 12:40:14,757 ERROR org.hibernate.tool.hbm2ddl.SchemaExport.perform(426) : HHH000389: Unsuccessful: create table Usuarios (idUsuario bigint not null, nombrePrefijo varchar(255), nombreNombre varchar(255), nombreApellidoPaterno varchar(255), nombreApellidoMaterno varchar(255), nombrePosfijo varchar(255), nombreIniciales varchar(255), lng float, lat float, nombreUsuario varchar(255) not null unique, claveAcceso varchar(255) not null, primary key (idUsuario)) type=InnoDB
[SCEC] 2017-04-25 12:40:14,758 ERROR org.hibernate.tool.hbm2ddl.SchemaExport.perform(427) : Syntax error or access violation,  message from server: "You have an error in your SQL syntax; check the manual that corresponds to your MySQL server version for the right syntax to use near 'type=InnoDB' at line 14"
[SCEC] 2017-04-25 12:40:14,760 ERROR org.hibernate.tool.hbm2ddl.SchemaExport.perform(426) : HHH000389: Unsuccessful: create table ciudades (idciudad bigint not null, nombre varchar(255) not null unique, descripcion varchar(255), primary key (idciudad)) type=InnoDB
[SCEC] 2017-04-25 12:40:14,760 ERROR org.hibernate.tool.hbm2ddl.SchemaExport.perform(427) : Syntax error or access violation,  message from server: "You have an error in your SQL syntax; check the manual that corresponds to your MySQL server version for the right syntax to use near 'type=InnoDB' at line 6"
[SCEC] 2017-04-25 12:40:14,762 ERROR org.hibernate.tool.hbm2ddl.SchemaExport.perform(426) : HHH000389: Unsuccessful: alter table UsuarioRol add index FK4CA33E1C7F566F0 (idRol), add constraint FK4CA33E1C7F566F0 foreign key (idRol) references Roles (idRol)
[SCEC] 2017-04-25 12:40:14,763 ERROR org.hibernate.tool.hbm2ddl.SchemaExport.perform(427) : Base table or view not found,  message from server: "Table 'login.UsuarioRol' doesn't exist"
[SCEC] 2017-04-25 12:40:14,765 ERROR org.hibernate.tool.hbm2ddl.SchemaExport.perform(426) : HHH000389: Unsuccessful: alter table UsuarioRol add index FK4CA33E1BC6DE0AE (idUsuario), add constraint FK4CA33E1BC6DE0AE foreign key (idUsuario) references Usuarios (idUsuario)
[SCEC] 2017-04-25 12:40:14,765 ERROR org.hibernate.tool.hbm2ddl.SchemaExport.perform(427) : Base table or view not found,  message from server: "Table 'login.UsuarioRol' doesn't exist"
[SCEC] 2017-04-25 12:40:14,768 DEBUG edu.uag.iidis.scec.persistencia.hibernate.HibernateUtil.beginTransaction(230) : >beginTransaction()
[SCEC] 2017-04-25 12:40:14,769 DEBUG edu.uag.iidis.scec.persistencia.hibernate.HibernateUtil.beginTransaction(237) : -Iniciando una nueva transacción de base de datos en este thread.
[SCEC] 2017-04-25 12:40:14,770 DEBUG edu.uag.iidis.scec.persistencia.hibernate.HibernateUtil.getSession(160) : >getSession()
[SCEC] 2017-04-25 12:40:14,770 DEBUG edu.uag.iidis.scec.persistencia.hibernate.HibernateUtil.getSession(167) : -Abriendo una nueva sesión para el thread.
[SCEC] 2017-04-25 12:40:14,771 DEBUG edu.uag.iidis.scec.persistencia.UsuarioDAO.hazPersistente(188) : >hazPersistente(usuario)
[SCEC] 2017-04-25 12:40:14,772 DEBUG edu.uag.iidis.scec.persistencia.hibernate.HibernateUtil.getSession(160) : >getSession()
Hibernate: select max(idUsuario) from Usuarios
[SCEC] 2017-04-25 12:40:14,774  WARN org.hibernate.engine.jdbc.spi.SqlExceptionHelper.logExceptions(143) : SQL Error: 1146, SQLState: 42S02
[SCEC] 2017-04-25 12:40:14,775 ERROR org.hibernate.engine.jdbc.spi.SqlExceptionHelper.logExceptions(144) : Base table or view not found,  message from server: "Table 'login.Usuarios' doesn't exist"
[SCEC] 2017-04-25 12:40:14,776  WARN edu.uag.iidis.scec.persistencia.UsuarioDAO.hazPersistente(198) : <HibernateException
[SCEC] 2017-04-25 12:40:14,777 DEBUG edu.uag.iidis.scec.persistencia.hibernate.HibernateUtil.rollbackTransaction(287) : >rollbackTransaction()
[SCEC] 2017-04-25 12:40:14,777 DEBUG edu.uag.iidis.scec.persistencia.hibernate.HibernateUtil.rollbackTransaction(295) : -Intentando deshacer la transacción para este thread.
[SCEC] 2017-04-25 12:40:14,778 DEBUG edu.uag.iidis.scec.persistencia.hibernate.HibernateUtil.rollbackTransaction(304) : -Intentando cerrar la sesión.
[SCEC] 2017-04-25 12:40:14,779 DEBUG edu.uag.iidis.scec.persistencia.hibernate.HibernateUtil.closeSession(204) : >closeSession()
[SCEC] 2017-04-25 12:40:14,779 DEBUG edu.uag.iidis.scec.persistencia.hibernate.HibernateUtil.closeSession(212) : -Cerrando la sesión local al thread.
[SCEC] 2017-04-25 12:40:14,780 DEBUG edu.uag.iidis.scec.persistencia.hibernate.HibernateUtil.closeSession(204) : >closeSession()
[SCEC] 2017-04-25 12:40:14,783 DEBUG edu.uag.iidis.scec.persistencia.UsuarioDAO.buscarPorId(33) : >buscarPorID(1, false)
[SCEC] 2017-04-25 12:40:14,784 DEBUG edu.uag.iidis.scec.persistencia.hibernate.HibernateUtil.getSession(160) : >getSession()
[SCEC] 2017-04-25 12:40:14,784 DEBUG edu.uag.iidis.scec.persistencia.hibernate.HibernateUtil.getSession(167) : -Abriendo una nueva sesión para el thread.
Hibernate: select usuario0_.idUsuario as idUsuario1_0_, usuario0_.nombrePrefijo as nombrePr2_1_0_, usuario0_.nombreNombre as nombreNo3_1_0_, usuario0_.nombreApellidoPaterno as nombreAp4_1_0_, usuario0_.nombreApellidoMaterno as nombreAp5_1_0_, usuario0_.nombrePosfijo as nombrePo6_1_0_, usuario0_.nombreIniciales as nombreIn7_1_0_, usuario0_.lng as lng1_0_, usuario0_.lat as lat1_0_, usuario0_.nombreUsuario as nombreU10_1_0_, usuario0_.claveAcceso as claveAc11_1_0_ from Usuarios usuario0_ where usuario0_.idUsuario=?
[SCEC] 2017-04-25 12:40:14,811  WARN org.hibernate.engine.jdbc.spi.SqlExceptionHelper.logExceptions(143) : SQL Error: 1146, SQLState: 42S02
[SCEC] 2017-04-25 12:40:14,811 ERROR org.hibernate.engine.jdbc.spi.SqlExceptionHelper.logExceptions(144) : Base table or view not found,  message from server: "Table 'login.Usuarios' doesn't exist"
[SCEC] 2017-04-25 12:40:14,812 DEBUG edu.uag.iidis.scec.persistencia.hibernate.HibernateUtil.closeSession(204) : >closeSession()
[SCEC] 2017-04-25 12:40:14,812 DEBUG edu.uag.iidis.scec.persistencia.hibernate.HibernateUtil.closeSession(212) : -Cerrando la sesión local al thread.
[SCEC] 2017-04-25 12:40:14,817 DEBUG edu.uag.iidis.scec.persistencia.hibernate.HibernateUtil.beginTransaction(230) : >beginTransaction()
[SCEC] 2017-04-25 12:40:14,818 DEBUG edu.uag.iidis.scec.persistencia.hibernate.HibernateUtil.beginTransaction(237) : -Iniciando una nueva transacción de base de datos en este thread.
[SCEC] 2017-04-25 12:40:14,818 DEBUG edu.uag.iidis.scec.persistencia.hibernate.HibernateUtil.getSession(160) : >getSession()
[SCEC] 2017-04-25 12:40:14,818 DEBUG edu.uag.iidis.scec.persistencia.hibernate.HibernateUtil.getSession(167) : -Abriendo una nueva sesión para el thread.
[SCEC] 2017-04-25 12:40:14,819 DEBUG edu.uag.iidis.scec.persistencia.UsuarioDAO.hazPersistente(188) : >hazPersistente(usuario)
[SCEC] 2017-04-25 12:40:14,819 DEBUG edu.uag.iidis.scec.persistencia.hibernate.HibernateUtil.getSession(160) : >getSession()
Hibernate: select max(idUsuario) from Usuarios
[SCEC] 2017-04-25 12:40:14,821  WARN org.hibernate.engine.jdbc.spi.SqlExceptionHelper.logExceptions(143) : SQL Error: 1146, SQLState: 42S02
[SCEC] 2017-04-25 12:40:14,821 ERROR org.hibernate.engine.jdbc.spi.SqlExceptionHelper.logExceptions(144) : Base table or view not found,  message from server: "Table 'login.Usuarios' doesn't exist"
[SCEC] 2017-04-25 12:40:14,822  WARN edu.uag.iidis.scec.persistencia.UsuarioDAO.hazPersistente(198) : <HibernateException
[SCEC] 2017-04-25 12:40:14,822 DEBUG edu.uag.iidis.scec.persistencia.hibernate.HibernateUtil.rollbackTransaction(287) : >rollbackTransaction()
[SCEC] 2017-04-25 12:40:14,823 DEBUG edu.uag.iidis.scec.persistencia.hibernate.HibernateUtil.rollbackTransaction(295) : -Intentando deshacer la transacción para este thread.
[SCEC] 2017-04-25 12:40:14,823 DEBUG edu.uag.iidis.scec.persistencia.hibernate.HibernateUtil.rollbackTransaction(304) : -Intentando cerrar la sesión.
[SCEC] 2017-04-25 12:40:14,824 DEBUG edu.uag.iidis.scec.persistencia.hibernate.HibernateUtil.closeSession(204) : >closeSession()
[SCEC] 2017-04-25 12:40:14,824 DEBUG edu.uag.iidis.scec.persistencia.hibernate.HibernateUtil.closeSession(212) : -Cerrando la sesión local al thread.
[SCEC] 2017-04-25 12:40:14,825 DEBUG edu.uag.iidis.scec.persistencia.hibernate.HibernateUtil.closeSession(204) : >closeSession()
[SCEC] 2017-04-25 12:40:14,829 DEBUG edu.uag.iidis.scec.persistencia.hibernate.HibernateUtil.beginTransaction(230) : >beginTransaction()
[SCEC] 2017-04-25 12:40:14,829 DEBUG edu.uag.iidis.scec.persistencia.hibernate.HibernateUtil.beginTransaction(237) : -Iniciando una nueva transacción de base de datos en este thread.
[SCEC] 2017-04-25 12:40:14,829 DEBUG edu.uag.iidis.scec.persistencia.hibernate.HibernateUtil.getSession(160) : >getSession()
[SCEC] 2017-04-25 12:40:14,830 DEBUG edu.uag.iidis.scec.persistencia.hibernate.HibernateUtil.getSession(167) : -Abriendo una nueva sesión para el thread.
[SCEC] 2017-04-25 12:40:14,830 DEBUG edu.uag.iidis.scec.persistencia.UsuarioDAO.buscarPorId(33) : >buscarPorID(1, false)
[SCEC] 2017-04-25 12:40:14,831 DEBUG edu.uag.iidis.scec.persistencia.hibernate.HibernateUtil.getSession(160) : >getSession()
Hibernate: select usuario0_.idUsuario as idUsuario1_0_, usuario0_.nombrePrefijo as nombrePr2_1_0_, usuario0_.nombreNombre as nombreNo3_1_0_, usuario0_.nombreApellidoPaterno as nombreAp4_1_0_, usuario0_.nombreApellidoMaterno as nombreAp5_1_0_, usuario0_.nombrePosfijo as nombrePo6_1_0_, usuario0_.nombreIniciales as nombreIn7_1_0_, usuario0_.lng as lng1_0_, usuario0_.lat as lat1_0_, usuario0_.nombreUsuario as nombreU10_1_0_, usuario0_.claveAcceso as claveAc11_1_0_ from Usuarios usuario0_ where usuario0_.idUsuario=?
[SCEC] 2017-04-25 12:40:14,834  WARN org.hibernate.engine.jdbc.spi.SqlExceptionHelper.logExceptions(143) : SQL Error: 1146, SQLState: 42S02
[SCEC] 2017-04-25 12:40:14,834 ERROR org.hibernate.engine.jdbc.spi.SqlExceptionHelper.logExceptions(144) : Base table or view not found,  message from server: "Table 'login.Usuarios' doesn't exist"
[SCEC] 2017-04-25 12:40:14,835 DEBUG edu.uag.iidis.scec.persistencia.hibernate.HibernateUtil.rollbackTransaction(287) : >rollbackTransaction()
[SCEC] 2017-04-25 12:40:14,835 DEBUG edu.uag.iidis.scec.persistencia.hibernate.HibernateUtil.rollbackTransaction(295) : -Intentando deshacer la transacción para este thread.
[SCEC] 2017-04-25 12:40:14,836 DEBUG edu.uag.iidis.scec.persistencia.hibernate.HibernateUtil.rollbackTransaction(304) : -Intentando cerrar la sesión.
[SCEC] 2017-04-25 12:40:14,836 DEBUG edu.uag.iidis.scec.persistencia.hibernate.HibernateUtil.closeSession(204) : >closeSession()
[SCEC] 2017-04-25 12:40:14,837 DEBUG edu.uag.iidis.scec.persistencia.hibernate.HibernateUtil.closeSession(212) : -Cerrando la sesión local al thread.
[SCEC] 2017-04-25 12:40:14,837 DEBUG edu.uag.iidis.scec.persistencia.hibernate.HibernateUtil.closeSession(204) : >closeSession()
[SCEC] 2017-04-25 12:40:14,842 DEBUG edu.uag.iidis.scec.persistencia.UsuarioDAO.buscarPorId(33) : >buscarPorID(1, false)
[SCEC] 2017-04-25 12:40:14,843 DEBUG edu.uag.iidis.scec.persistencia.hibernate.HibernateUtil.getSession(160) : >getSession()
[SCEC] 2017-04-25 12:40:14,843 DEBUG edu.uag.iidis.scec.persistencia.hibernate.HibernateUtil.getSession(167) : -Abriendo una nueva sesión para el thread.
Hibernate: select usuario0_.idUsuario as idUsuario1_0_, usuario0_.nombrePrefijo as nombrePr2_1_0_, usuario0_.nombreNombre as nombreNo3_1_0_, usuario0_.nombreApellidoPaterno as nombreAp4_1_0_, usuario0_.nombreApellidoMaterno as nombreAp5_1_0_, usuario0_.nombrePosfijo as nombrePo6_1_0_, usuario0_.nombreIniciales as nombreIn7_1_0_, usuario0_.lng as lng1_0_, usuario0_.lat as lat1_0_, usuario0_.nombreUsuario as nombreU10_1_0_, usuario0_.claveAcceso as claveAc11_1_0_ from Usuarios usuario0_ where usuario0_.idUsuario=?
[SCEC] 2017-04-25 12:40:14,847  WARN org.hibernate.engine.jdbc.spi.SqlExceptionHelper.logExceptions(143) : SQL Error: 1146, SQLState: 42S02
[SCEC] 2017-04-25 12:40:14,848 ERROR org.hibernate.engine.jdbc.spi.SqlExceptionHelper.logExceptions(144) : Base table or view not found,  message from server: "Table 'login.Usuarios' doesn't exist"
[SCEC] 2017-04-25 12:40:14,849 DEBUG edu.uag.iidis.scec.persistencia.hibernate.HibernateUtil.closeSession(204) : >closeSession()
[SCEC] 2017-04-25 12:40:14,849 DEBUG edu.uag.iidis.scec.persistencia.hibernate.HibernateUtil.closeSession(212) : -Cerrando la sesión local al thread.
[SCEC] 2017-04-25 12:40:14,855 DEBUG edu.uag.iidis.scec.persistencia.UsuarioDAO.buscarPorEjemplo(124) : >buscarPorEjemplo()
[SCEC] 2017-04-25 12:40:14,856 DEBUG edu.uag.iidis.scec.persistencia.hibernate.HibernateUtil.getSession(160) : >getSession()
[SCEC] 2017-04-25 12:40:14,857 DEBUG edu.uag.iidis.scec.persistencia.hibernate.HibernateUtil.getSession(167) : -Abriendo una nueva sesión para el thread.
Hibernate: select this_.idUsuario as idUsuario1_0_, this_.nombrePrefijo as nombrePr2_1_0_, this_.nombreNombre as nombreNo3_1_0_, this_.nombreApellidoPaterno as nombreAp4_1_0_, this_.nombreApellidoMaterno as nombreAp5_1_0_, this_.nombrePosfijo as nombrePo6_1_0_, this_.nombreIniciales as nombreIn7_1_0_, this_.lng as lng1_0_, this_.lat as lat1_0_, this_.nombreUsuario as nombreU10_1_0_, this_.claveAcceso as claveAc11_1_0_ from Usuarios this_ where (this_.nombreUsuario=?)
[SCEC] 2017-04-25 12:40:14,908  WARN org.hibernate.engine.jdbc.spi.SqlExceptionHelper.logExceptions(143) : SQL Error: 1146, SQLState: 42S02
[SCEC] 2017-04-25 12:40:14,909 ERROR org.hibernate.engine.jdbc.spi.SqlExceptionHelper.logExceptions(144) : Base table or view not found,  message from server: "Table 'login.Usuarios' doesn't exist"
[SCEC] 2017-04-25 12:40:14,910  WARN edu.uag.iidis.scec.persistencia.UsuarioDAO.buscarPorEjemplo(135) : <HibernateException
[SCEC] 2017-04-25 12:40:14,910 DEBUG edu.uag.iidis.scec.persistencia.hibernate.HibernateUtil.closeSession(204) : >closeSession()
[SCEC] 2017-04-25 12:40:14,911 DEBUG edu.uag.iidis.scec.persistencia.hibernate.HibernateUtil.closeSession(212) : -Cerrando la sesión local al thread.
[SCEC] 2017-04-25 12:40:14,916 DEBUG edu.uag.iidis.scec.persistencia.UsuarioDAO.buscarTodos(100) : >buscarTodos()
[SCEC] 2017-04-25 12:40:14,917 DEBUG edu.uag.iidis.scec.persistencia.hibernate.HibernateUtil.getSession(160) : >getSession()
[SCEC] 2017-04-25 12:40:14,917 DEBUG edu.uag.iidis.scec.persistencia.hibernate.HibernateUtil.getSession(167) : -Abriendo una nueva sesión para el thread.
Hibernate: select this_.idUsuario as idUsuario1_0_, this_.nombrePrefijo as nombrePr2_1_0_, this_.nombreNombre as nombreNo3_1_0_, this_.nombreApellidoPaterno as nombreAp4_1_0_, this_.nombreApellidoMaterno as nombreAp5_1_0_, this_.nombrePosfijo as nombrePo6_1_0_, this_.nombreIniciales as nombreIn7_1_0_, this_.lng as lng1_0_, this_.lat as lat1_0_, this_.nombreUsuario as nombreU10_1_0_, this_.claveAcceso as claveAc11_1_0_ from Usuarios this_
[SCEC] 2017-04-25 12:40:14,921  WARN org.hibernate.engine.jdbc.spi.SqlExceptionHelper.logExceptions(143) : SQL Error: 1146, SQLState: 42S02
[SCEC] 2017-04-25 12:40:14,922 ERROR org.hibernate.engine.jdbc.spi.SqlExceptionHelper.logExceptions(144) : Base table or view not found,  message from server: "Table 'login.Usuarios' doesn't exist"
[SCEC] 2017-04-25 12:40:14,923  WARN edu.uag.iidis.scec.persistencia.UsuarioDAO.buscarTodos(111) : <HibernateException
[SCEC] 2017-04-25 12:40:14,924 DEBUG edu.uag.iidis.scec.persistencia.hibernate.HibernateUtil.closeSession(204) : >closeSession()
[SCEC] 2017-04-25 12:40:14,924 DEBUG edu.uag.iidis.scec.persistencia.hibernate.HibernateUtil.closeSession(212) : -Cerrando la sesión local al thread.
[SCEC] 2017-04-25 12:40:14,929 DEBUG edu.uag.iidis.scec.persistencia.hibernate.HibernateUtil.beginTransaction(230) : >beginTransaction()
[SCEC] 2017-04-25 12:40:14,929 DEBUG edu.uag.iidis.scec.persistencia.hibernate.HibernateUtil.beginTransaction(237) : -Iniciando una nueva transacción de base de datos en este thread.
[SCEC] 2017-04-25 12:40:14,929 DEBUG edu.uag.iidis.scec.persistencia.hibernate.HibernateUtil.getSession(160) : >getSession()
[SCEC] 2017-04-25 12:40:14,930 DEBUG edu.uag.iidis.scec.persistencia.hibernate.HibernateUtil.getSession(167) : -Abriendo una nueva sesión para el thread.
[SCEC] 2017-04-25 12:40:14,930 DEBUG edu.uag.iidis.scec.persistencia.RolDAO.buscarPorId(33) : >buscarPorID(2, false)
[SCEC] 2017-04-25 12:40:14,931 DEBUG edu.uag.iidis.scec.persistencia.hibernate.HibernateUtil.getSession(160) : >getSession()
[SCEC] 2017-04-25 12:40:14,931 DEBUG edu.uag.iidis.scec.persistencia.UsuarioDAO.buscarPorId(33) : >buscarPorID(1, false)
[SCEC] 2017-04-25 12:40:14,932 DEBUG edu.uag.iidis.scec.persistencia.hibernate.HibernateUtil.getSession(160) : >getSession()
Hibernate: select usuario0_.idUsuario as idUsuario1_0_, usuario0_.nombrePrefijo as nombrePr2_1_0_, usuario0_.nombreNombre as nombreNo3_1_0_, usuario0_.nombreApellidoPaterno as nombreAp4_1_0_, usuario0_.nombreApellidoMaterno as nombreAp5_1_0_, usuario0_.nombrePosfijo as nombrePo6_1_0_, usuario0_.nombreIniciales as nombreIn7_1_0_, usuario0_.lng as lng1_0_, usuario0_.lat as lat1_0_, usuario0_.nombreUsuario as nombreU10_1_0_, usuario0_.claveAcceso as claveAc11_1_0_ from Usuarios usuario0_ where usuario0_.idUsuario=?
[SCEC] 2017-04-25 12:40:14,934  WARN org.hibernate.engine.jdbc.spi.SqlExceptionHelper.logExceptions(143) : SQL Error: 1146, SQLState: 42S02
[SCEC] 2017-04-25 12:40:14,935 ERROR org.hibernate.engine.jdbc.spi.SqlExceptionHelper.logExceptions(144) : Base table or view not found,  message from server: "Table 'login.Usuarios' doesn't exist"
[SCEC] 2017-04-25 12:40:14,936 DEBUG edu.uag.iidis.scec.persistencia.hibernate.HibernateUtil.closeSession(204) : >closeSession()
[SCEC] 2017-04-25 12:40:14,937 DEBUG edu.uag.iidis.scec.persistencia.hibernate.HibernateUtil.closeSession(212) : -Cerrando la sesión local al thread.
[SCEC] 2017-04-25 12:40:14,972 ERROR org.hibernate.tool.hbm2ddl.SchemaExport.perform(426) : HHH000389: Unsuccessful: alter table UsuarioRol drop foreign key FK4CA33E1C7F566F0
[SCEC] 2017-04-25 12:40:14,972 ERROR org.hibernate.tool.hbm2ddl.SchemaExport.perform(427) : Base table or view not found,  message from server: "Table 'login.UsuarioRol' doesn't exist"
[SCEC] 2017-04-25 12:40:14,974 ERROR org.hibernate.tool.hbm2ddl.SchemaExport.perform(426) : HHH000389: Unsuccessful: alter table UsuarioRol drop foreign key FK4CA33E1BC6DE0AE
[SCEC] 2017-04-25 12:40:14,974 ERROR org.hibernate.tool.hbm2ddl.SchemaExport.perform(427) : Base table or view not found,  message from server: "Table 'login.UsuarioRol' doesn't exist"
[SCEC] 2017-04-25 12:40:14,981 ERROR org.hibernate.tool.hbm2ddl.SchemaExport.perform(426) : HHH000389: Unsuccessful: create table Estados (id bigint not null, Nombre varchar(255) not null unique, Descripcion varchar(255), primary key (id)) type=InnoDB
[SCEC] 2017-04-25 12:40:14,982 ERROR org.hibernate.tool.hbm2ddl.SchemaExport.perform(427) : Syntax error or access violation,  message from server: "You have an error in your SQL syntax; check the manual that corresponds to your MySQL server version for the right syntax to use near 'type=InnoDB' at line 6"
[SCEC] 2017-04-25 12:40:14,984 ERROR org.hibernate.tool.hbm2ddl.SchemaExport.perform(426) : HHH000389: Unsuccessful: create table Lugares (id bigint not null, Nombre varchar(255) not null unique, Descripcion varchar(255), Poblacion bigint, Coordenadas varchar(255), Estado varchar(255), Imagen varchar(255), Pais varchar(255), Moneda varchar(255), primary key (id)) type=InnoDB
[SCEC] 2017-04-25 12:40:14,985 ERROR org.hibernate.tool.hbm2ddl.SchemaExport.perform(427) : Syntax error or access violation,  message from server: "You have an error in your SQL syntax; check the manual that corresponds to your MySQL server version for the right syntax to use near 'type=InnoDB' at line 12"
[SCEC] 2017-04-25 12:40:14,986 ERROR org.hibernate.tool.hbm2ddl.SchemaExport.perform(426) : HHH000389: Unsuccessful: create table Pais (id bigint not null, Nombre varchar(255) not null unique, Descripcion varchar(255), primary key (id)) type=InnoDB
[SCEC] 2017-04-25 12:40:14,988 ERROR org.hibernate.tool.hbm2ddl.SchemaExport.perform(427) : Syntax error or access violation,  message from server: "You have an error in your SQL syntax; check the manual that corresponds to your MySQL server version for the right syntax to use near 'type=InnoDB' at line 6"
[SCEC] 2017-04-25 12:40:14,989 ERROR org.hibernate.tool.hbm2ddl.SchemaExport.perform(426) : HHH000389: Unsuccessful: create table Recomendaciones (id bigint not null, Nombre varchar(255) not null, Estado varchar(255), Usuario varchar(255), Fecha varchar(255), Comentario varchar(255), Calificacion bigint, primary key (id)) type=InnoDB
[SCEC] 2017-04-25 12:40:14,990 ERROR org.hibernate.tool.hbm2ddl.SchemaExport.perform(427) : Syntax error or access violation,  message from server: "You have an error in your SQL syntax; check the manual that corresponds to your MySQL server version for the right syntax to use near 'type=InnoDB' at line 10"
[SCEC] 2017-04-25 12:40:14,991 ERROR org.hibernate.tool.hbm2ddl.SchemaExport.perform(426) : HHH000389: Unsuccessful: create table Roles (idRol bigint not null, nombre varchar(255) not null unique, descripcion varchar(255), primary key (idRol)) type=InnoDB
[SCEC] 2017-04-25 12:40:14,992 ERROR org.hibernate.tool.hbm2ddl.SchemaExport.perform(427) : Syntax error or access violation,  message from server: "You have an error in your SQL syntax; check the manual that corresponds to your MySQL server version for the right syntax to use near 'type=InnoDB' at line 6"
[SCEC] 2017-04-25 12:40:14,993 ERROR org.hibernate.tool.hbm2ddl.SchemaExport.perform(426) : HHH000389: Unsuccessful: create table Tareas (idTareas bigint not null, TareaNombre varchar(255) unique, TareaDescripcion varchar(255), TareaEstado varchar(255), nombreUsuario varchar(255), primary key (idTareas)) type=InnoDB
[SCEC] 2017-04-25 12:40:14,994 ERROR org.hibernate.tool.hbm2ddl.SchemaExport.perform(427) : Syntax error or access violation,  message from server: "You have an error in your SQL syntax; check the manual that corresponds to your MySQL server version for the right syntax to use near 'type=InnoDB' at line 8"
[SCEC] 2017-04-25 12:40:14,995 ERROR org.hibernate.tool.hbm2ddl.SchemaExport.perform(426) : HHH000389: Unsuccessful: create table UsuarioRol (idUsuario bigint not null, idRol bigint not null) type=InnoDB
[SCEC] 2017-04-25 12:40:14,995 ERROR org.hibernate.tool.hbm2ddl.SchemaExport.perform(427) : Syntax error or access violation,  message from server: "You have an error in your SQL syntax; check the manual that corresponds to your MySQL server version for the right syntax to use near 'type=InnoDB' at line 4"
[SCEC] 2017-04-25 12:40:14,997 ERROR org.hibernate.tool.hbm2ddl.SchemaExport.perform(426) : HHH000389: Unsuccessful: create table Usuarios (idUsuario bigint not null, nombrePrefijo varchar(255), nombreNombre varchar(255), nombreApellidoPaterno varchar(255), nombreApellidoMaterno varchar(255), nombrePosfijo varchar(255), nombreIniciales varchar(255), lng float, lat float, nombreUsuario varchar(255) not null unique, claveAcceso varchar(255) not null, primary key (idUsuario)) type=InnoDB
[SCEC] 2017-04-25 12:40:14,998 ERROR org.hibernate.tool.hbm2ddl.SchemaExport.perform(427) : Syntax error or access violation,  message from server: "You have an error in your SQL syntax; check the manual that corresponds to your MySQL server version for the right syntax to use near 'type=InnoDB' at line 14"
[SCEC] 2017-04-25 12:40:14,999 ERROR org.hibernate.tool.hbm2ddl.SchemaExport.perform(426) : HHH000389: Unsuccessful: create table ciudades (idciudad bigint not null, nombre varchar(255) not null unique, descripcion varchar(255), primary key (idciudad)) type=InnoDB
[SCEC] 2017-04-25 12:40:14,999 ERROR org.hibernate.tool.hbm2ddl.SchemaExport.perform(427) : Syntax error or access violation,  message from server: "You have an error in your SQL syntax; check the manual that corresponds to your MySQL server version for the right syntax to use near 'type=InnoDB' at line 6"
[SCEC] 2017-04-25 12:40:15,001 ERROR org.hibernate.tool.hbm2ddl.SchemaExport.perform(426) : HHH000389: Unsuccessful: alter table UsuarioRol add index FK4CA33E1C7F566F0 (idRol), add constraint FK4CA33E1C7F566F0 foreign key (idRol) references Roles (idRol)
[SCEC] 2017-04-25 12:40:15,001 ERROR org.hibernate.tool.hbm2ddl.SchemaExport.perform(427) : Base table or view not found,  message from server: "Table 'login.UsuarioRol' doesn't exist"
[SCEC] 2017-04-25 12:40:15,003 ERROR org.hibernate.tool.hbm2ddl.SchemaExport.perform(426) : HHH000389: Unsuccessful: alter table UsuarioRol add index FK4CA33E1BC6DE0AE (idUsuario), add constraint FK4CA33E1BC6DE0AE foreign key (idUsuario) references Usuarios (idUsuario)
[SCEC] 2017-04-25 12:40:15,003 ERROR org.hibernate.tool.hbm2ddl.SchemaExport.perform(427) : Base table or view not found,  message from server: "Table 'login.UsuarioRol' doesn't exist"
[SCEC] 2017-04-25 12:40:15,040 ERROR org.hibernate.tool.hbm2ddl.SchemaExport.perform(426) : HHH000389: Unsuccessful: alter table UsuarioRol drop foreign key FK4CA33E1C7F566F0
[SCEC] 2017-04-25 12:40:15,041 ERROR org.hibernate.tool.hbm2ddl.SchemaExport.perform(427) : Base table or view not found,  message from server: "Table 'login.UsuarioRol' doesn't exist"
[SCEC] 2017-04-25 12:40:15,043 ERROR org.hibernate.tool.hbm2ddl.SchemaExport.perform(426) : HHH000389: Unsuccessful: alter table UsuarioRol drop foreign key FK4CA33E1BC6DE0AE
[SCEC] 2017-04-25 12:40:15,044 ERROR org.hibernate.tool.hbm2ddl.SchemaExport.perform(427) : Base table or view not found,  message from server: "Table 'login.UsuarioRol' doesn't exist"
[SCEC] 2017-04-25 12:40:15,048 ERROR org.hibernate.tool.hbm2ddl.SchemaExport.perform(426) : HHH000389: Unsuccessful: create table Estados (id bigint not null, Nombre varchar(255) not null unique, Descripcion varchar(255), primary key (id)) type=InnoDB
[SCEC] 2017-04-25 12:40:15,049 ERROR org.hibernate.tool.hbm2ddl.SchemaExport.perform(427) : Syntax error or access violation,  message from server: "You have an error in your SQL syntax; check the manual that corresponds to your MySQL server version for the right syntax to use near 'type=InnoDB' at line 6"
[SCEC] 2017-04-25 12:40:15,050 ERROR org.hibernate.tool.hbm2ddl.SchemaExport.perform(426) : HHH000389: Unsuccessful: create table Lugares (id bigint not null, Nombre varchar(255) not null unique, Descripcion varchar(255), Poblacion bigint, Coordenadas varchar(255), Estado varchar(255), Imagen varchar(255), Pais varchar(255), Moneda varchar(255), primary key (id)) type=InnoDB
[SCEC] 2017-04-25 12:40:15,050 ERROR org.hibernate.tool.hbm2ddl.SchemaExport.perform(427) : Syntax error or access violation,  message from server: "You have an error in your SQL syntax; check the manual that corresponds to your MySQL server version for the right syntax to use near 'type=InnoDB' at line 12"
[SCEC] 2017-04-25 12:40:15,051 ERROR org.hibernate.tool.hbm2ddl.SchemaExport.perform(426) : HHH000389: Unsuccessful: create table Pais (id bigint not null, Nombre varchar(255) not null unique, Descripcion varchar(255), primary key (id)) type=InnoDB
[SCEC] 2017-04-25 12:40:15,051 ERROR org.hibernate.tool.hbm2ddl.SchemaExport.perform(427) : Syntax error or access violation,  message from server: "You have an error in your SQL syntax; check the manual that corresponds to your MySQL server version for the right syntax to use near 'type=InnoDB' at line 6"
[SCEC] 2017-04-25 12:40:15,052 ERROR org.hibernate.tool.hbm2ddl.SchemaExport.perform(426) : HHH000389: Unsuccessful: create table Recomendaciones (id bigint not null, Nombre varchar(255) not null, Estado varchar(255), Usuario varchar(255), Fecha varchar(255), Comentario varchar(255), Calificacion bigint, primary key (id)) type=InnoDB
[SCEC] 2017-04-25 12:40:15,053 ERROR org.hibernate.tool.hbm2ddl.SchemaExport.perform(427) : Syntax error or access violation,  message from server: "You have an error in your SQL syntax; check the manual that corresponds to your MySQL server version for the right syntax to use near 'type=InnoDB' at line 10"
[SCEC] 2017-04-25 12:40:15,054 ERROR org.hibernate.tool.hbm2ddl.SchemaExport.perform(426) : HHH000389: Unsuccessful: create table Roles (idRol bigint not null, nombre varchar(255) not null unique, descripcion varchar(255), primary key (idRol)) type=InnoDB
[SCEC] 2017-04-25 12:40:15,054 ERROR org.hibernate.tool.hbm2ddl.SchemaExport.perform(427) : Syntax error or access violation,  message from server: "You have an error in your SQL syntax; check the manual that corresponds to your MySQL server version for the right syntax to use near 'type=InnoDB' at line 6"
[SCEC] 2017-04-25 12:40:15,055 ERROR org.hibernate.tool.hbm2ddl.SchemaExport.perform(426) : HHH000389: Unsuccessful: create table Tareas (idTareas bigint not null, TareaNombre varchar(255) unique, TareaDescripcion varchar(255), TareaEstado varchar(255), nombreUsuario varchar(255), primary key (idTareas)) type=InnoDB
[SCEC] 2017-04-25 12:40:15,055 ERROR org.hibernate.tool.hbm2ddl.SchemaExport.perform(427) : Syntax error or access violation,  message from server: "You have an error in your SQL syntax; check the manual that corresponds to your MySQL server version for the right syntax to use near 'type=InnoDB' at line 8"
[SCEC] 2017-04-25 12:40:15,056 ERROR org.hibernate.tool.hbm2ddl.SchemaExport.perform(426) : HHH000389: Unsuccessful: create table UsuarioRol (idUsuario bigint not null, idRol bigint not null) type=InnoDB
[SCEC] 2017-04-25 12:40:15,056 ERROR org.hibernate.tool.hbm2ddl.SchemaExport.perform(427) : Syntax error or access violation,  message from server: "You have an error in your SQL syntax; check the manual that corresponds to your MySQL server version for the right syntax to use near 'type=InnoDB' at line 4"
[SCEC] 2017-04-25 12:40:15,058 ERROR org.hibernate.tool.hbm2ddl.SchemaExport.perform(426) : HHH000389: Unsuccessful: create table Usuarios (idUsuario bigint not null, nombrePrefijo varchar(255), nombreNombre varchar(255), nombreApellidoPaterno varchar(255), nombreApellidoMaterno varchar(255), nombrePosfijo varchar(255), nombreIniciales varchar(255), lng float, lat float, nombreUsuario varchar(255) not null unique, claveAcceso varchar(255) not null, primary key (idUsuario)) type=InnoDB
[SCEC] 2017-04-25 12:40:15,058 ERROR org.hibernate.tool.hbm2ddl.SchemaExport.perform(427) : Syntax error or access violation,  message from server: "You have an error in your SQL syntax; check the manual that corresponds to your MySQL server version for the right syntax to use near 'type=InnoDB' at line 14"
[SCEC] 2017-04-25 12:40:15,059 ERROR org.hibernate.tool.hbm2ddl.SchemaExport.perform(426) : HHH000389: Unsuccessful: create table ciudades (idciudad bigint not null, nombre varchar(255) not null unique, descripcion varchar(255), primary key (idciudad)) type=InnoDB
[SCEC] 2017-04-25 12:40:15,059 ERROR org.hibernate.tool.hbm2ddl.SchemaExport.perform(427) : Syntax error or access violation,  message from server: "You have an error in your SQL syntax; check the manual that corresponds to your MySQL server version for the right syntax to use near 'type=InnoDB' at line 6"
[SCEC] 2017-04-25 12:40:15,061 ERROR org.hibernate.tool.hbm2ddl.SchemaExport.perform(426) : HHH000389: Unsuccessful: alter table UsuarioRol add index FK4CA33E1C7F566F0 (idRol), add constraint FK4CA33E1C7F566F0 foreign key (idRol) references Roles (idRol)
[SCEC] 2017-04-25 12:40:15,061 ERROR org.hibernate.tool.hbm2ddl.SchemaExport.perform(427) : Base table or view not found,  message from server: "Table 'login.UsuarioRol' doesn't exist"
[SCEC] 2017-04-25 12:40:15,062 ERROR org.hibernate.tool.hbm2ddl.SchemaExport.perform(426) : HHH000389: Unsuccessful: alter table UsuarioRol add index FK4CA33E1BC6DE0AE (idUsuario), add constraint FK4CA33E1BC6DE0AE foreign key (idUsuario) references Usuarios (idUsuario)
[SCEC] 2017-04-25 12:40:15,063 ERROR org.hibernate.tool.hbm2ddl.SchemaExport.perform(427) : Base table or view not found,  message from server: "Table 'login.UsuarioRol' doesn't exist"
]]></system-out>
  <system-err><![CDATA[]]></system-err>
</testsuite>
