<?xml version="1.0" encoding="UTF-8" ?>
<testsuite errors="8" failures="2" hostname="fantastickford" name="edu.uag.iidis.scec.pruebas.AllTests" skipped="0" tests="11" time="3.35" timestamp="2017-04-25T17:26:00">
  <properties>
[...]
</properties>
  <testcase classname="edu.uag.iidis.scec.pruebas.RolDAOTest" name="testCrearRol" time="0.299">
    <error message="org.hibernate.exception.SQLGrammarException: Base table or view not found,  message from server: &quot;Table &apos;login.Roles&apos; doesn&apos;t exist&quot;" type="edu.uag.iidis.scec.excepciones.ExcepcionInfraestructura">edu.uag.iidis.scec.excepciones.ExcepcionInfraestructura: org.hibernate.exception.SQLGrammarException: Base table or view not found,  message from server: &quot;Table &apos;login.Roles&apos; doesn&apos;t exist&quot;
	at edu.uag.iidis.scec.persistencia.RolDAO.hazPersistente(RolDAO.java:118)
	at edu.uag.iidis.scec.pruebas.RolDAOTest.testCrearRol(RolDAOTest.java:37)
	at junit.extensions.TestDecorator.basicRun(TestDecorator.java:23)
	at junit.extensions.TestSetup$1.protect(TestSetup.java:23)
	at junit.extensions.TestSetup.run(TestSetup.java:27)
Caused by: org.hibernate.exception.SQLGrammarException: Base table or view not found,  message from server: &quot;Table &apos;login.Roles&apos; doesn&apos;t exist&quot;
	at org.hibernate.exception.internal.SQLStateConverter.convert(SQLStateConverter.java:100)
	at org.hibernate.engine.jdbc.spi.SqlExceptionHelper.convert(SqlExceptionHelper.java:125)
	at org.hibernate.engine.jdbc.spi.SqlExceptionHelper.convert(SqlExceptionHelper.java:110)
	at org.hibernate.engine.jdbc.internal.proxy.AbstractStatementProxyHandler.continueInvocation(AbstractStatementProxyHandler.java:129)
	at org.hibernate.engine.jdbc.internal.proxy.AbstractProxyHandler.invoke(AbstractProxyHandler.java:81)
	at com.sun.proxy.$Proxy4.executeQuery(Unknown Source)
	at org.hibernate.id.IncrementGenerator.initializePreviousValueHolder(IncrementGenerator.java:128)
	at org.hibernate.id.IncrementGenerator.generate(IncrementGenerator.java:68)
	at org.hibernate.event.internal.AbstractSaveEventListener.saveWithGeneratedId(AbstractSaveEventListener.java:120)
	at org.hibernate.event.internal.DefaultSaveOrUpdateEventListener.saveWithGeneratedOrRequestedId(DefaultSaveOrUpdateEventListener.java:204)
	at org.hibernate.event.internal.DefaultSaveOrUpdateEventListener.entityIsTransient(DefaultSaveOrUpdateEventListener.java:189)
	at org.hibernate.event.internal.DefaultSaveOrUpdateEventListener.performSaveOrUpdate(DefaultSaveOrUpdateEventListener.java:114)
	at org.hibernate.event.internal.DefaultSaveOrUpdateEventListener.onSaveOrUpdate(DefaultSaveOrUpdateEventListener.java:90)
	at org.hibernate.internal.SessionImpl.fireSaveOrUpdate(SessionImpl.java:615)
	at org.hibernate.internal.SessionImpl.saveOrUpdate(SessionImpl.java:608)
	at org.hibernate.internal.SessionImpl.saveOrUpdate(SessionImpl.java:604)
	at edu.uag.iidis.scec.persistencia.RolDAO.hazPersistente(RolDAO.java:113)
Caused by: java.sql.SQLException: Base table or view not found,  message from server: &quot;Table &apos;login.Roles&apos; doesn&apos;t exist&quot;
	at com.mysql.jdbc.MysqlIO.checkErrorPacket(MysqlIO.java:1977)
	at com.mysql.jdbc.MysqlIO.sendCommand(MysqlIO.java:1163)
	at com.mysql.jdbc.MysqlIO.sqlQueryDirect(MysqlIO.java:1272)
	at com.mysql.jdbc.Connection.execSQL(Connection.java:2236)
	at com.mysql.jdbc.PreparedStatement.executeQuery(PreparedStatement.java:1555)
	at org.hibernate.engine.jdbc.internal.proxy.AbstractStatementProxyHandler.continueInvocation(AbstractStatementProxyHandler.java:122)
</error>
  </testcase>
  <testcase classname="edu.uag.iidis.scec.pruebas.UsuarioDAOTest" name="testCrearUsuarioInvalido" time="0.014" />
  <testcase classname="edu.uag.iidis.scec.pruebas.UsuarioDAOTest" name="testBuscarUsuarioPorId" time="0.029">
    <error message="Base table or view not found,  message from server: &quot;Table &apos;login.Usuarios&apos; doesn&apos;t exist&quot;" type="org.hibernate.exception.SQLGrammarException">org.hibernate.exception.SQLGrammarException: Base table or view not found,  message from server: &quot;Table &apos;login.Usuarios&apos; doesn&apos;t exist&quot;
	at org.hibernate.exception.internal.SQLStateConverter.convert(SQLStateConverter.java:100)
	at org.hibernate.engine.jdbc.spi.SqlExceptionHelper.convert(SqlExceptionHelper.java:125)
	at org.hibernate.engine.jdbc.spi.SqlExceptionHelper.convert(SqlExceptionHelper.java:110)
	at org.hibernate.engine.jdbc.internal.proxy.AbstractStatementProxyHandler.continueInvocation(AbstractStatementProxyHandler.java:129)
	at org.hibernate.engine.jdbc.internal.proxy.AbstractProxyHandler.invoke(AbstractProxyHandler.java:81)
	at com.sun.proxy.$Proxy4.executeQuery(Unknown Source)
	at org.hibernate.loader.Loader.getResultSet(Loader.java:1978)
	at org.hibernate.loader.Loader.doQuery(Loader.java:829)
	at org.hibernate.loader.Loader.doQueryAndInitializeNonLazyCollections(Loader.java:289)
	at org.hibernate.loader.Loader.doQueryAndInitializeNonLazyCollections(Loader.java:259)
	at org.hibernate.loader.Loader.loadEntity(Loader.java:2058)
	at org.hibernate.loader.entity.AbstractEntityLoader.load(AbstractEntityLoader.java:82)
	at org.hibernate.loader.entity.AbstractEntityLoader.load(AbstractEntityLoader.java:72)
	at org.hibernate.persister.entity.AbstractEntityPersister.load(AbstractEntityPersister.java:3697)
	at org.hibernate.event.internal.DefaultLoadEventListener.loadFromDatasource(DefaultLoadEventListener.java:439)
	at org.hibernate.event.internal.DefaultLoadEventListener.doLoad(DefaultLoadEventListener.java:420)
	at org.hibernate.event.internal.DefaultLoadEventListener.load(DefaultLoadEventListener.java:204)
	at org.hibernate.event.internal.DefaultLoadEventListener.onLoad(DefaultLoadEventListener.java:143)
	at org.hibernate.internal.SessionImpl.fireLoad(SessionImpl.java:954)
	at org.hibernate.internal.SessionImpl.immediateLoad(SessionImpl.java:891)
	at org.hibernate.proxy.AbstractLazyInitializer.initialize(AbstractLazyInitializer.java:158)
	at org.hibernate.proxy.AbstractLazyInitializer.getImplementation(AbstractLazyInitializer.java:195)
	at org.hibernate.proxy.pojo.javassist.JavassistLazyInitializer.invoke(JavassistLazyInitializer.java:185)
	at edu.uag.iidis.scec.modelo.Usuario_$$_javassist_5.getNombre(Usuario_$$_javassist_5.java)
	at edu.uag.iidis.scec.pruebas.UsuarioDAOTest.testBuscarUsuarioPorId(UsuarioDAOTest.java:79)
	at junit.extensions.TestDecorator.basicRun(TestDecorator.java:23)
	at junit.extensions.TestSetup$1.protect(TestSetup.java:23)
	at junit.extensions.TestSetup.run(TestSetup.java:27)
Caused by: java.sql.SQLException: Base table or view not found,  message from server: &quot;Table &apos;login.Usuarios&apos; doesn&apos;t exist&quot;
	at com.mysql.jdbc.MysqlIO.checkErrorPacket(MysqlIO.java:1977)
	at com.mysql.jdbc.MysqlIO.sendCommand(MysqlIO.java:1163)
	at com.mysql.jdbc.MysqlIO.sqlQueryDirect(MysqlIO.java:1272)
	at com.mysql.jdbc.Connection.execSQL(Connection.java:2236)
	at com.mysql.jdbc.PreparedStatement.executeQuery(PreparedStatement.java:1555)
	at org.hibernate.engine.jdbc.internal.proxy.AbstractStatementProxyHandler.continueInvocation(AbstractStatementProxyHandler.java:122)
</error>
  </testcase>
  <testcase classname="edu.uag.iidis.scec.pruebas.UsuarioDAOTest" name="testCrearUsuario" time="0.015">
    <error message="org.hibernate.exception.SQLGrammarException: Base table or view not found,  message from server: &quot;Table &apos;login.Usuarios&apos; doesn&apos;t exist&quot;" type="edu.uag.iidis.scec.excepciones.ExcepcionInfraestructura">edu.uag.iidis.scec.excepciones.ExcepcionInfraestructura: org.hibernate.exception.SQLGrammarException: Base table or view not found,  message from server: &quot;Table &apos;login.Usuarios&apos; doesn&apos;t exist&quot;
	at edu.uag.iidis.scec.persistencia.UsuarioDAO.hazPersistente(UsuarioDAO.java:200)
	at edu.uag.iidis.scec.pruebas.UsuarioDAOTest.testCrearUsuario(UsuarioDAOTest.java:38)
	at junit.extensions.TestDecorator.basicRun(TestDecorator.java:23)
	at junit.extensions.TestSetup$1.protect(TestSetup.java:23)
	at junit.extensions.TestSetup.run(TestSetup.java:27)
Caused by: org.hibernate.exception.SQLGrammarException: Base table or view not found,  message from server: &quot;Table &apos;login.Usuarios&apos; doesn&apos;t exist&quot;
	at org.hibernate.exception.internal.SQLStateConverter.convert(SQLStateConverter.java:100)
	at org.hibernate.engine.jdbc.spi.SqlExceptionHelper.convert(SqlExceptionHelper.java:125)
	at org.hibernate.engine.jdbc.spi.SqlExceptionHelper.convert(SqlExceptionHelper.java:110)
	at org.hibernate.engine.jdbc.internal.proxy.AbstractStatementProxyHandler.continueInvocation(AbstractStatementProxyHandler.java:129)
	at org.hibernate.engine.jdbc.internal.proxy.AbstractProxyHandler.invoke(AbstractProxyHandler.java:81)
	at com.sun.proxy.$Proxy4.executeQuery(Unknown Source)
	at org.hibernate.id.IncrementGenerator.initializePreviousValueHolder(IncrementGenerator.java:128)
	at org.hibernate.id.IncrementGenerator.generate(IncrementGenerator.java:68)
	at org.hibernate.event.internal.AbstractSaveEventListener.saveWithGeneratedId(AbstractSaveEventListener.java:120)
	at org.hibernate.event.internal.DefaultSaveOrUpdateEventListener.saveWithGeneratedOrRequestedId(DefaultSaveOrUpdateEventListener.java:204)
	at org.hibernate.event.internal.DefaultSaveOrUpdateEventListener.entityIsTransient(DefaultSaveOrUpdateEventListener.java:189)
	at org.hibernate.event.internal.DefaultSaveOrUpdateEventListener.performSaveOrUpdate(DefaultSaveOrUpdateEventListener.java:114)
	at org.hibernate.event.internal.DefaultSaveOrUpdateEventListener.onSaveOrUpdate(DefaultSaveOrUpdateEventListener.java:90)
	at org.hibernate.internal.SessionImpl.fireSaveOrUpdate(SessionImpl.java:615)
	at org.hibernate.internal.SessionImpl.saveOrUpdate(SessionImpl.java:608)
	at org.hibernate.internal.SessionImpl.saveOrUpdate(SessionImpl.java:604)
	at edu.uag.iidis.scec.persistencia.UsuarioDAO.hazPersistente(UsuarioDAO.java:194)
Caused by: java.sql.SQLException: Base table or view not found,  message from server: &quot;Table &apos;login.Usuarios&apos; doesn&apos;t exist&quot;
	at com.mysql.jdbc.MysqlIO.checkErrorPacket(MysqlIO.java:1977)
	at com.mysql.jdbc.MysqlIO.sendCommand(MysqlIO.java:1163)
	at com.mysql.jdbc.MysqlIO.sqlQueryDirect(MysqlIO.java:1272)
	at com.mysql.jdbc.Connection.execSQL(Connection.java:2236)
	at com.mysql.jdbc.PreparedStatement.executeQuery(PreparedStatement.java:1555)
	at org.hibernate.engine.jdbc.internal.proxy.AbstractStatementProxyHandler.continueInvocation(AbstractStatementProxyHandler.java:122)
</error>
  </testcase>
  <testcase classname="edu.uag.iidis.scec.pruebas.UsuarioDAOTest" name="testAgregarRol" time="0.019">
    <error message="Base table or view not found,  message from server: &quot;Table &apos;login.Usuarios&apos; doesn&apos;t exist&quot;" type="org.hibernate.exception.SQLGrammarException">org.hibernate.exception.SQLGrammarException: Base table or view not found,  message from server: &quot;Table &apos;login.Usuarios&apos; doesn&apos;t exist&quot;
	at org.hibernate.exception.internal.SQLStateConverter.convert(SQLStateConverter.java:100)
	at org.hibernate.engine.jdbc.spi.SqlExceptionHelper.convert(SqlExceptionHelper.java:125)
	at org.hibernate.engine.jdbc.spi.SqlExceptionHelper.convert(SqlExceptionHelper.java:110)
	at org.hibernate.engine.jdbc.internal.proxy.AbstractStatementProxyHandler.continueInvocation(AbstractStatementProxyHandler.java:129)
	at org.hibernate.engine.jdbc.internal.proxy.AbstractProxyHandler.invoke(AbstractProxyHandler.java:81)
	at com.sun.proxy.$Proxy4.executeQuery(Unknown Source)
	at org.hibernate.loader.Loader.getResultSet(Loader.java:1978)
	at org.hibernate.loader.Loader.doQuery(Loader.java:829)
	at org.hibernate.loader.Loader.doQueryAndInitializeNonLazyCollections(Loader.java:289)
	at org.hibernate.loader.Loader.doQueryAndInitializeNonLazyCollections(Loader.java:259)
	at org.hibernate.loader.Loader.loadEntity(Loader.java:2058)
	at org.hibernate.loader.entity.AbstractEntityLoader.load(AbstractEntityLoader.java:82)
	at org.hibernate.loader.entity.AbstractEntityLoader.load(AbstractEntityLoader.java:72)
	at org.hibernate.persister.entity.AbstractEntityPersister.load(AbstractEntityPersister.java:3697)
	at org.hibernate.event.internal.DefaultLoadEventListener.loadFromDatasource(DefaultLoadEventListener.java:439)
	at org.hibernate.event.internal.DefaultLoadEventListener.doLoad(DefaultLoadEventListener.java:420)
	at org.hibernate.event.internal.DefaultLoadEventListener.load(DefaultLoadEventListener.java:204)
	at org.hibernate.event.internal.DefaultLoadEventListener.onLoad(DefaultLoadEventListener.java:143)
	at org.hibernate.internal.SessionImpl.fireLoad(SessionImpl.java:954)
	at org.hibernate.internal.SessionImpl.immediateLoad(SessionImpl.java:891)
	at org.hibernate.proxy.AbstractLazyInitializer.initialize(AbstractLazyInitializer.java:158)
	at org.hibernate.proxy.AbstractLazyInitializer.getImplementation(AbstractLazyInitializer.java:195)
	at org.hibernate.proxy.pojo.javassist.JavassistLazyInitializer.invoke(JavassistLazyInitializer.java:185)
	at edu.uag.iidis.scec.modelo.Usuario_$$_javassist_5.addRol(Usuario_$$_javassist_5.java)
	at edu.uag.iidis.scec.pruebas.UsuarioDAOTest.testAgregarRol(UsuarioDAOTest.java:127)
	at junit.extensions.TestDecorator.basicRun(TestDecorator.java:23)
	at junit.extensions.TestSetup$1.protect(TestSetup.java:23)
	at junit.extensions.TestSetup.run(TestSetup.java:27)
Caused by: java.sql.SQLException: Base table or view not found,  message from server: &quot;Table &apos;login.Usuarios&apos; doesn&apos;t exist&quot;
	at com.mysql.jdbc.MysqlIO.checkErrorPacket(MysqlIO.java:1977)
	at com.mysql.jdbc.MysqlIO.sendCommand(MysqlIO.java:1163)
	at com.mysql.jdbc.MysqlIO.sqlQueryDirect(MysqlIO.java:1272)
	at com.mysql.jdbc.Connection.execSQL(Connection.java:2236)
	at com.mysql.jdbc.PreparedStatement.executeQuery(PreparedStatement.java:1555)
	at org.hibernate.engine.jdbc.internal.proxy.AbstractStatementProxyHandler.continueInvocation(AbstractStatementProxyHandler.java:122)
</error>
  </testcase>
  <testcase classname="edu.uag.iidis.scec.pruebas.UsuarioDAOTest" name="testVerificarRol" time="0.012">
    <error message="Base table or view not found,  message from server: &quot;Table &apos;login.Usuarios&apos; doesn&apos;t exist&quot;" type="org.hibernate.exception.SQLGrammarException">org.hibernate.exception.SQLGrammarException: Base table or view not found,  message from server: &quot;Table &apos;login.Usuarios&apos; doesn&apos;t exist&quot;
	at org.hibernate.exception.internal.SQLStateConverter.convert(SQLStateConverter.java:100)
	at org.hibernate.engine.jdbc.spi.SqlExceptionHelper.convert(SqlExceptionHelper.java:125)
	at org.hibernate.engine.jdbc.spi.SqlExceptionHelper.convert(SqlExceptionHelper.java:110)
	at org.hibernate.engine.jdbc.internal.proxy.AbstractStatementProxyHandler.continueInvocation(AbstractStatementProxyHandler.java:129)
	at org.hibernate.engine.jdbc.internal.proxy.AbstractProxyHandler.invoke(AbstractProxyHandler.java:81)
	at com.sun.proxy.$Proxy4.executeQuery(Unknown Source)
	at org.hibernate.loader.Loader.getResultSet(Loader.java:1978)
	at org.hibernate.loader.Loader.doQuery(Loader.java:829)
	at org.hibernate.loader.Loader.doQueryAndInitializeNonLazyCollections(Loader.java:289)
	at org.hibernate.loader.Loader.doQueryAndInitializeNonLazyCollections(Loader.java:259)
	at org.hibernate.loader.Loader.loadEntity(Loader.java:2058)
	at org.hibernate.loader.entity.AbstractEntityLoader.load(AbstractEntityLoader.java:82)
	at org.hibernate.loader.entity.AbstractEntityLoader.load(AbstractEntityLoader.java:72)
	at org.hibernate.persister.entity.AbstractEntityPersister.load(AbstractEntityPersister.java:3697)
	at org.hibernate.event.internal.DefaultLoadEventListener.loadFromDatasource(DefaultLoadEventListener.java:439)
	at org.hibernate.event.internal.DefaultLoadEventListener.doLoad(DefaultLoadEventListener.java:420)
	at org.hibernate.event.internal.DefaultLoadEventListener.load(DefaultLoadEventListener.java:204)
	at org.hibernate.event.internal.DefaultLoadEventListener.onLoad(DefaultLoadEventListener.java:143)
	at org.hibernate.internal.SessionImpl.fireLoad(SessionImpl.java:954)
	at org.hibernate.internal.SessionImpl.immediateLoad(SessionImpl.java:891)
	at org.hibernate.proxy.AbstractLazyInitializer.initialize(AbstractLazyInitializer.java:158)
	at org.hibernate.proxy.AbstractLazyInitializer.getImplementation(AbstractLazyInitializer.java:195)
	at org.hibernate.proxy.pojo.javassist.JavassistLazyInitializer.invoke(JavassistLazyInitializer.java:185)
	at edu.uag.iidis.scec.modelo.Usuario_$$_javassist_5.getRoles(Usuario_$$_javassist_5.java)
	at edu.uag.iidis.scec.pruebas.UsuarioDAOTest.testVerificarRol(UsuarioDAOTest.java:145)
	at junit.extensions.TestDecorator.basicRun(TestDecorator.java:23)
	at junit.extensions.TestSetup$1.protect(TestSetup.java:23)
	at junit.extensions.TestSetup.run(TestSetup.java:27)
Caused by: java.sql.SQLException: Base table or view not found,  message from server: &quot;Table &apos;login.Usuarios&apos; doesn&apos;t exist&quot;
	at com.mysql.jdbc.MysqlIO.checkErrorPacket(MysqlIO.java:1977)
	at com.mysql.jdbc.MysqlIO.sendCommand(MysqlIO.java:1163)
	at com.mysql.jdbc.MysqlIO.sqlQueryDirect(MysqlIO.java:1272)
	at com.mysql.jdbc.Connection.execSQL(Connection.java:2236)
	at com.mysql.jdbc.PreparedStatement.executeQuery(PreparedStatement.java:1555)
	at org.hibernate.engine.jdbc.internal.proxy.AbstractStatementProxyHandler.continueInvocation(AbstractStatementProxyHandler.java:122)
</error>
  </testcase>
  <testcase classname="edu.uag.iidis.scec.pruebas.UsuarioDAOTest" name="testBuscarPorEjemplo" time="0.045">
    <error message="org.hibernate.exception.SQLGrammarException: Base table or view not found,  message from server: &quot;Table &apos;login.Usuarios&apos; doesn&apos;t exist&quot;" type="edu.uag.iidis.scec.excepciones.ExcepcionInfraestructura">edu.uag.iidis.scec.excepciones.ExcepcionInfraestructura: org.hibernate.exception.SQLGrammarException: Base table or view not found,  message from server: &quot;Table &apos;login.Usuarios&apos; doesn&apos;t exist&quot;
	at edu.uag.iidis.scec.persistencia.UsuarioDAO.buscarPorEjemplo(UsuarioDAO.java:137)
	at edu.uag.iidis.scec.pruebas.UsuarioDAOTest.testBuscarPorEjemplo(UsuarioDAOTest.java:96)
	at junit.extensions.TestDecorator.basicRun(TestDecorator.java:23)
	at junit.extensions.TestSetup$1.protect(TestSetup.java:23)
	at junit.extensions.TestSetup.run(TestSetup.java:27)
Caused by: org.hibernate.exception.SQLGrammarException: Base table or view not found,  message from server: &quot;Table &apos;login.Usuarios&apos; doesn&apos;t exist&quot;
	at org.hibernate.exception.internal.SQLStateConverter.convert(SQLStateConverter.java:100)
	at org.hibernate.engine.jdbc.spi.SqlExceptionHelper.convert(SqlExceptionHelper.java:125)
	at org.hibernate.engine.jdbc.spi.SqlExceptionHelper.convert(SqlExceptionHelper.java:110)
	at org.hibernate.engine.jdbc.internal.proxy.AbstractStatementProxyHandler.continueInvocation(AbstractStatementProxyHandler.java:129)
	at org.hibernate.engine.jdbc.internal.proxy.AbstractProxyHandler.invoke(AbstractProxyHandler.java:81)
	at com.sun.proxy.$Proxy4.executeQuery(Unknown Source)
	at org.hibernate.loader.Loader.getResultSet(Loader.java:1978)
	at org.hibernate.loader.Loader.doQuery(Loader.java:829)
	at org.hibernate.loader.Loader.doQueryAndInitializeNonLazyCollections(Loader.java:289)
	at org.hibernate.loader.Loader.doList(Loader.java:2463)
	at org.hibernate.loader.Loader.doList(Loader.java:2449)
	at org.hibernate.loader.Loader.listIgnoreQueryCache(Loader.java:2279)
	at org.hibernate.loader.Loader.list(Loader.java:2274)
	at org.hibernate.loader.criteria.CriteriaLoader.list(CriteriaLoader.java:122)
	at org.hibernate.internal.SessionImpl.list(SessionImpl.java:1483)
	at org.hibernate.internal.CriteriaImpl.list(CriteriaImpl.java:374)
	at edu.uag.iidis.scec.persistencia.UsuarioDAO.buscarPorEjemplo(UsuarioDAO.java:132)
Caused by: java.sql.SQLException: Base table or view not found,  message from server: &quot;Table &apos;login.Usuarios&apos; doesn&apos;t exist&quot;
	at com.mysql.jdbc.MysqlIO.checkErrorPacket(MysqlIO.java:1977)
	at com.mysql.jdbc.MysqlIO.sendCommand(MysqlIO.java:1163)
	at com.mysql.jdbc.MysqlIO.sqlQueryDirect(MysqlIO.java:1272)
	at com.mysql.jdbc.Connection.execSQL(Connection.java:2236)
	at com.mysql.jdbc.PreparedStatement.executeQuery(PreparedStatement.java:1555)
	at org.hibernate.engine.jdbc.internal.proxy.AbstractStatementProxyHandler.continueInvocation(AbstractStatementProxyHandler.java:122)
</error>
  </testcase>
  <testcase classname="edu.uag.iidis.scec.pruebas.UsuarioDAOTest" name="testBuscarTodos" time="0.013">
    <error message="org.hibernate.exception.SQLGrammarException: Base table or view not found,  message from server: &quot;Table &apos;login.Usuarios&apos; doesn&apos;t exist&quot;" type="edu.uag.iidis.scec.excepciones.ExcepcionInfraestructura">edu.uag.iidis.scec.excepciones.ExcepcionInfraestructura: org.hibernate.exception.SQLGrammarException: Base table or view not found,  message from server: &quot;Table &apos;login.Usuarios&apos; doesn&apos;t exist&quot;
	at edu.uag.iidis.scec.persistencia.UsuarioDAO.buscarTodos(UsuarioDAO.java:113)
	at edu.uag.iidis.scec.pruebas.UsuarioDAOTest.testBuscarTodos(UsuarioDAOTest.java:110)
	at junit.extensions.TestDecorator.basicRun(TestDecorator.java:23)
	at junit.extensions.TestSetup$1.protect(TestSetup.java:23)
	at junit.extensions.TestSetup.run(TestSetup.java:27)
Caused by: org.hibernate.exception.SQLGrammarException: Base table or view not found,  message from server: &quot;Table &apos;login.Usuarios&apos; doesn&apos;t exist&quot;
	at org.hibernate.exception.internal.SQLStateConverter.convert(SQLStateConverter.java:100)
	at org.hibernate.engine.jdbc.spi.SqlExceptionHelper.convert(SqlExceptionHelper.java:125)
	at org.hibernate.engine.jdbc.spi.SqlExceptionHelper.convert(SqlExceptionHelper.java:110)
	at org.hibernate.engine.jdbc.internal.proxy.AbstractStatementProxyHandler.continueInvocation(AbstractStatementProxyHandler.java:129)
	at org.hibernate.engine.jdbc.internal.proxy.AbstractProxyHandler.invoke(AbstractProxyHandler.java:81)
	at com.sun.proxy.$Proxy4.executeQuery(Unknown Source)
	at org.hibernate.loader.Loader.getResultSet(Loader.java:1978)
	at org.hibernate.loader.Loader.doQuery(Loader.java:829)
	at org.hibernate.loader.Loader.doQueryAndInitializeNonLazyCollections(Loader.java:289)
	at org.hibernate.loader.Loader.doList(Loader.java:2463)
	at org.hibernate.loader.Loader.doList(Loader.java:2449)
	at org.hibernate.loader.Loader.listIgnoreQueryCache(Loader.java:2279)
	at org.hibernate.loader.Loader.list(Loader.java:2274)
	at org.hibernate.loader.criteria.CriteriaLoader.list(CriteriaLoader.java:122)
	at org.hibernate.internal.SessionImpl.list(SessionImpl.java:1483)
	at org.hibernate.internal.CriteriaImpl.list(CriteriaImpl.java:374)
	at edu.uag.iidis.scec.persistencia.UsuarioDAO.buscarTodos(UsuarioDAO.java:106)
Caused by: java.sql.SQLException: Base table or view not found,  message from server: &quot;Table &apos;login.Usuarios&apos; doesn&apos;t exist&quot;
	at com.mysql.jdbc.MysqlIO.checkErrorPacket(MysqlIO.java:1977)
	at com.mysql.jdbc.MysqlIO.sendCommand(MysqlIO.java:1163)
	at com.mysql.jdbc.MysqlIO.sqlQueryDirect(MysqlIO.java:1272)
	at com.mysql.jdbc.Connection.execSQL(Connection.java:2236)
	at com.mysql.jdbc.PreparedStatement.executeQuery(PreparedStatement.java:1555)
	at org.hibernate.engine.jdbc.internal.proxy.AbstractStatementProxyHandler.continueInvocation(AbstractStatementProxyHandler.java:122)
</error>
  </testcase>
  <testcase classname="edu.uag.iidis.scec.pruebas.UsuarioDAOTest" name="testEliminarRol" time="0.014">
    <error message="Base table or view not found,  message from server: &quot;Table &apos;login.Usuarios&apos; doesn&apos;t exist&quot;" type="org.hibernate.exception.SQLGrammarException">org.hibernate.exception.SQLGrammarException: Base table or view not found,  message from server: &quot;Table &apos;login.Usuarios&apos; doesn&apos;t exist&quot;
	at org.hibernate.exception.internal.SQLStateConverter.convert(SQLStateConverter.java:100)
	at org.hibernate.engine.jdbc.spi.SqlExceptionHelper.convert(SqlExceptionHelper.java:125)
	at org.hibernate.engine.jdbc.spi.SqlExceptionHelper.convert(SqlExceptionHelper.java:110)
	at org.hibernate.engine.jdbc.internal.proxy.AbstractStatementProxyHandler.continueInvocation(AbstractStatementProxyHandler.java:129)
	at org.hibernate.engine.jdbc.internal.proxy.AbstractProxyHandler.invoke(AbstractProxyHandler.java:81)
	at com.sun.proxy.$Proxy4.executeQuery(Unknown Source)
	at org.hibernate.loader.Loader.getResultSet(Loader.java:1978)
	at org.hibernate.loader.Loader.doQuery(Loader.java:829)
	at org.hibernate.loader.Loader.doQueryAndInitializeNonLazyCollections(Loader.java:289)
	at org.hibernate.loader.Loader.doQueryAndInitializeNonLazyCollections(Loader.java:259)
	at org.hibernate.loader.Loader.loadEntity(Loader.java:2058)
	at org.hibernate.loader.entity.AbstractEntityLoader.load(AbstractEntityLoader.java:82)
	at org.hibernate.loader.entity.AbstractEntityLoader.load(AbstractEntityLoader.java:72)
	at org.hibernate.persister.entity.AbstractEntityPersister.load(AbstractEntityPersister.java:3697)
	at org.hibernate.event.internal.DefaultLoadEventListener.loadFromDatasource(DefaultLoadEventListener.java:439)
	at org.hibernate.event.internal.DefaultLoadEventListener.doLoad(DefaultLoadEventListener.java:420)
	at org.hibernate.event.internal.DefaultLoadEventListener.load(DefaultLoadEventListener.java:204)
	at org.hibernate.event.internal.DefaultLoadEventListener.onLoad(DefaultLoadEventListener.java:143)
	at org.hibernate.internal.SessionImpl.fireLoad(SessionImpl.java:954)
	at org.hibernate.internal.SessionImpl.immediateLoad(SessionImpl.java:891)
	at org.hibernate.proxy.AbstractLazyInitializer.initialize(AbstractLazyInitializer.java:158)
	at org.hibernate.proxy.AbstractLazyInitializer.getImplementation(AbstractLazyInitializer.java:195)
	at org.hibernate.proxy.pojo.javassist.JavassistLazyInitializer.invoke(JavassistLazyInitializer.java:185)
	at edu.uag.iidis.scec.modelo.Usuario_$$_javassist_5.removeRol(Usuario_$$_javassist_5.java)
	at edu.uag.iidis.scec.pruebas.UsuarioDAOTest.testEliminarRol(UsuarioDAOTest.java:160)
	at junit.extensions.TestDecorator.basicRun(TestDecorator.java:23)
	at junit.extensions.TestSetup$1.protect(TestSetup.java:23)
	at junit.extensions.TestSetup.run(TestSetup.java:27)
Caused by: java.sql.SQLException: Base table or view not found,  message from server: &quot;Table &apos;login.Usuarios&apos; doesn&apos;t exist&quot;
	at com.mysql.jdbc.MysqlIO.checkErrorPacket(MysqlIO.java:1977)
	at com.mysql.jdbc.MysqlIO.sendCommand(MysqlIO.java:1163)
	at com.mysql.jdbc.MysqlIO.sqlQueryDirect(MysqlIO.java:1272)
	at com.mysql.jdbc.Connection.execSQL(Connection.java:2236)
	at com.mysql.jdbc.PreparedStatement.executeQuery(PreparedStatement.java:1555)
	at org.hibernate.engine.jdbc.internal.proxy.AbstractStatementProxyHandler.continueInvocation(AbstractStatementProxyHandler.java:122)
</error>
  </testcase>
  <testcase classname="junit.framework.TestSuite$1" name="warning" time="0.003">
    <failure message="No tests found in edu.uag.iidis.scec.pruebas.TareaDAOTest" type="junit.framework.AssertionFailedError">junit.framework.AssertionFailedError: No tests found in edu.uag.iidis.scec.pruebas.TareaDAOTest
	at junit.extensions.TestDecorator.basicRun(TestDecorator.java:23)
	at junit.extensions.TestSetup$1.protect(TestSetup.java:23)
	at junit.extensions.TestSetup.run(TestSetup.java:27)
</failure>
  </testcase>
  <testcase classname="junit.framework.TestSuite$1" name="warning" time="0.003">
    <failure message="No tests found in edu.uag.iidis.scec.pruebas.SugerenciaDAOTest" type="junit.framework.AssertionFailedError">junit.framework.AssertionFailedError: No tests found in edu.uag.iidis.scec.pruebas.SugerenciaDAOTest
	at junit.extensions.TestDecorator.basicRun(TestDecorator.java:23)
	at junit.extensions.TestSetup$1.protect(TestSetup.java:23)
	at junit.extensions.TestSetup.run(TestSetup.java:27)
</failure>
  </testcase>
  <system-out><![CDATA[[SCEC] 2017-04-25 12:26:01,006 DEBUG edu.uag.iidis.scec.persistencia.hibernate.HibernateUtil.<clinit>(69) : >creando sessionFactory
[SCEC] 2017-04-25 12:26:03,415 ERROR org.hibernate.tool.hbm2ddl.SchemaExport.perform(426) : HHH000389: Unsuccessful: alter table UsuarioRol drop foreign key FK4CA33E1C7F566F0
[SCEC] 2017-04-25 12:26:03,416 ERROR org.hibernate.tool.hbm2ddl.SchemaExport.perform(427) : Base table or view not found,  message from server: "Table 'login.UsuarioRol' doesn't exist"
[SCEC] 2017-04-25 12:26:03,419 ERROR org.hibernate.tool.hbm2ddl.SchemaExport.perform(426) : HHH000389: Unsuccessful: alter table UsuarioRol drop foreign key FK4CA33E1BC6DE0AE
[SCEC] 2017-04-25 12:26:03,419 ERROR org.hibernate.tool.hbm2ddl.SchemaExport.perform(427) : Base table or view not found,  message from server: "Table 'login.UsuarioRol' doesn't exist"
[SCEC] 2017-04-25 12:26:03,424 ERROR org.hibernate.tool.hbm2ddl.SchemaExport.perform(426) : HHH000389: Unsuccessful: create table Estados (id bigint not null, Nombre varchar(255) not null unique, Descripcion varchar(255), primary key (id)) type=InnoDB
[SCEC] 2017-04-25 12:26:03,425 ERROR org.hibernate.tool.hbm2ddl.SchemaExport.perform(427) : Syntax error or access violation,  message from server: "You have an error in your SQL syntax; check the manual that corresponds to your MySQL server version for the right syntax to use near 'type=InnoDB' at line 6"
[SCEC] 2017-04-25 12:26:03,427 ERROR org.hibernate.tool.hbm2ddl.SchemaExport.perform(426) : HHH000389: Unsuccessful: create table Lugares (id bigint not null, Nombre varchar(255) not null unique, Descripcion varchar(255), Poblacion bigint, Coordenadas varchar(255), Estado varchar(255), Imagen varchar(255), Pais varchar(255), Moneda varchar(255), primary key (id)) type=InnoDB
[SCEC] 2017-04-25 12:26:03,428 ERROR org.hibernate.tool.hbm2ddl.SchemaExport.perform(427) : Syntax error or access violation,  message from server: "You have an error in your SQL syntax; check the manual that corresponds to your MySQL server version for the right syntax to use near 'type=InnoDB' at line 12"
[SCEC] 2017-04-25 12:26:03,430 ERROR org.hibernate.tool.hbm2ddl.SchemaExport.perform(426) : HHH000389: Unsuccessful: create table Pais (id bigint not null, Nombre varchar(255) not null unique, Descripcion varchar(255), primary key (id)) type=InnoDB
[SCEC] 2017-04-25 12:26:03,431 ERROR org.hibernate.tool.hbm2ddl.SchemaExport.perform(427) : Syntax error or access violation,  message from server: "You have an error in your SQL syntax; check the manual that corresponds to your MySQL server version for the right syntax to use near 'type=InnoDB' at line 6"
[SCEC] 2017-04-25 12:26:03,432 ERROR org.hibernate.tool.hbm2ddl.SchemaExport.perform(426) : HHH000389: Unsuccessful: create table Recomendaciones (id bigint not null, Nombre varchar(255) not null, Estado varchar(255), Usuario varchar(255), Fecha varchar(255), Comentario varchar(255), Calificacion bigint, primary key (id)) type=InnoDB
[SCEC] 2017-04-25 12:26:03,433 ERROR org.hibernate.tool.hbm2ddl.SchemaExport.perform(427) : Syntax error or access violation,  message from server: "You have an error in your SQL syntax; check the manual that corresponds to your MySQL server version for the right syntax to use near 'type=InnoDB' at line 10"
[SCEC] 2017-04-25 12:26:03,435 ERROR org.hibernate.tool.hbm2ddl.SchemaExport.perform(426) : HHH000389: Unsuccessful: create table Roles (idRol bigint not null, nombre varchar(255) not null unique, descripcion varchar(255), primary key (idRol)) type=InnoDB
[SCEC] 2017-04-25 12:26:03,435 ERROR org.hibernate.tool.hbm2ddl.SchemaExport.perform(427) : Syntax error or access violation,  message from server: "You have an error in your SQL syntax; check the manual that corresponds to your MySQL server version for the right syntax to use near 'type=InnoDB' at line 6"
[SCEC] 2017-04-25 12:26:03,437 ERROR org.hibernate.tool.hbm2ddl.SchemaExport.perform(426) : HHH000389: Unsuccessful: create table Tareas (idTareas bigint not null, TareaNombre varchar(255) unique, TareaDescripcion varchar(255), TareaEstado varchar(255), nombreUsuario varchar(255), primary key (idTareas)) type=InnoDB
[SCEC] 2017-04-25 12:26:03,442 ERROR org.hibernate.tool.hbm2ddl.SchemaExport.perform(427) : Syntax error or access violation,  message from server: "You have an error in your SQL syntax; check the manual that corresponds to your MySQL server version for the right syntax to use near 'type=InnoDB' at line 8"
[SCEC] 2017-04-25 12:26:03,443 ERROR org.hibernate.tool.hbm2ddl.SchemaExport.perform(426) : HHH000389: Unsuccessful: create table UsuarioRol (idUsuario bigint not null, idRol bigint not null) type=InnoDB
[SCEC] 2017-04-25 12:26:03,444 ERROR org.hibernate.tool.hbm2ddl.SchemaExport.perform(427) : Syntax error or access violation,  message from server: "You have an error in your SQL syntax; check the manual that corresponds to your MySQL server version for the right syntax to use near 'type=InnoDB' at line 4"
[SCEC] 2017-04-25 12:26:03,446 ERROR org.hibernate.tool.hbm2ddl.SchemaExport.perform(426) : HHH000389: Unsuccessful: create table Usuarios (idUsuario bigint not null, nombrePrefijo varchar(255), nombreNombre varchar(255), nombreApellidoPaterno varchar(255), nombreApellidoMaterno varchar(255), nombrePosfijo varchar(255), nombreIniciales varchar(255), lng float, lat float, nombreUsuario varchar(255) not null unique, claveAcceso varchar(255) not null, primary key (idUsuario)) type=InnoDB
[SCEC] 2017-04-25 12:26:03,447 ERROR org.hibernate.tool.hbm2ddl.SchemaExport.perform(427) : Syntax error or access violation,  message from server: "You have an error in your SQL syntax; check the manual that corresponds to your MySQL server version for the right syntax to use near 'type=InnoDB' at line 14"
[SCEC] 2017-04-25 12:26:03,448 ERROR org.hibernate.tool.hbm2ddl.SchemaExport.perform(426) : HHH000389: Unsuccessful: create table ciudades (idciudad bigint not null, nombre varchar(255) not null unique, descripcion varchar(255), primary key (idciudad)) type=InnoDB
[SCEC] 2017-04-25 12:26:03,448 ERROR org.hibernate.tool.hbm2ddl.SchemaExport.perform(427) : Syntax error or access violation,  message from server: "You have an error in your SQL syntax; check the manual that corresponds to your MySQL server version for the right syntax to use near 'type=InnoDB' at line 6"
[SCEC] 2017-04-25 12:26:03,450 ERROR org.hibernate.tool.hbm2ddl.SchemaExport.perform(426) : HHH000389: Unsuccessful: alter table UsuarioRol add index FK4CA33E1C7F566F0 (idRol), add constraint FK4CA33E1C7F566F0 foreign key (idRol) references Roles (idRol)
[SCEC] 2017-04-25 12:26:03,450 ERROR org.hibernate.tool.hbm2ddl.SchemaExport.perform(427) : Base table or view not found,  message from server: "Table 'login.UsuarioRol' doesn't exist"
[SCEC] 2017-04-25 12:26:03,451 ERROR org.hibernate.tool.hbm2ddl.SchemaExport.perform(426) : HHH000389: Unsuccessful: alter table UsuarioRol add index FK4CA33E1BC6DE0AE (idUsuario), add constraint FK4CA33E1BC6DE0AE foreign key (idUsuario) references Usuarios (idUsuario)
[SCEC] 2017-04-25 12:26:03,452 ERROR org.hibernate.tool.hbm2ddl.SchemaExport.perform(427) : Base table or view not found,  message from server: "Table 'login.UsuarioRol' doesn't exist"
[SCEC] 2017-04-25 12:26:03,458 DEBUG edu.uag.iidis.scec.persistencia.hibernate.HibernateUtil.beginTransaction(230) : >beginTransaction()
[SCEC] 2017-04-25 12:26:03,459 DEBUG edu.uag.iidis.scec.persistencia.hibernate.HibernateUtil.beginTransaction(237) : -Iniciando una nueva transacción de base de datos en este thread.
[SCEC] 2017-04-25 12:26:03,459 DEBUG edu.uag.iidis.scec.persistencia.hibernate.HibernateUtil.getSession(160) : >getSession()
[SCEC] 2017-04-25 12:26:03,460 DEBUG edu.uag.iidis.scec.persistencia.hibernate.HibernateUtil.getSession(167) : -Abriendo una nueva sesión para el thread.
[SCEC] 2017-04-25 12:26:03,535 DEBUG edu.uag.iidis.scec.persistencia.RolDAO.hazPersistente(109) : >hazPersistente(rol)
[SCEC] 2017-04-25 12:26:03,536 DEBUG edu.uag.iidis.scec.persistencia.hibernate.HibernateUtil.getSession(160) : >getSession()
Hibernate: select max(idRol) from Roles
[SCEC] 2017-04-25 12:26:03,727  WARN org.hibernate.engine.jdbc.spi.SqlExceptionHelper.logExceptions(143) : SQL Error: 1146, SQLState: 42S02
[SCEC] 2017-04-25 12:26:03,728 ERROR org.hibernate.engine.jdbc.spi.SqlExceptionHelper.logExceptions(144) : Base table or view not found,  message from server: "Table 'login.Roles' doesn't exist"
[SCEC] 2017-04-25 12:26:03,730  WARN edu.uag.iidis.scec.persistencia.RolDAO.hazPersistente(116) : <HibernateException
[SCEC] 2017-04-25 12:26:03,731 DEBUG edu.uag.iidis.scec.persistencia.hibernate.HibernateUtil.rollbackTransaction(287) : >rollbackTransaction()
[SCEC] 2017-04-25 12:26:03,732 DEBUG edu.uag.iidis.scec.persistencia.hibernate.HibernateUtil.rollbackTransaction(295) : -Intentando deshacer la transacción para este thread.
[SCEC] 2017-04-25 12:26:03,734 DEBUG edu.uag.iidis.scec.persistencia.hibernate.HibernateUtil.rollbackTransaction(304) : -Intentando cerrar la sesión.
[SCEC] 2017-04-25 12:26:03,735 DEBUG edu.uag.iidis.scec.persistencia.hibernate.HibernateUtil.closeSession(204) : >closeSession()
[SCEC] 2017-04-25 12:26:03,735 DEBUG edu.uag.iidis.scec.persistencia.hibernate.HibernateUtil.closeSession(212) : -Cerrando la sesión local al thread.
[SCEC] 2017-04-25 12:26:03,739 DEBUG edu.uag.iidis.scec.persistencia.hibernate.HibernateUtil.closeSession(204) : >closeSession()
[SCEC] 2017-04-25 12:26:03,784 ERROR org.hibernate.tool.hbm2ddl.SchemaExport.perform(426) : HHH000389: Unsuccessful: alter table UsuarioRol drop foreign key FK4CA33E1C7F566F0
[SCEC] 2017-04-25 12:26:03,785 ERROR org.hibernate.tool.hbm2ddl.SchemaExport.perform(427) : Base table or view not found,  message from server: "Table 'login.UsuarioRol' doesn't exist"
[SCEC] 2017-04-25 12:26:03,787 ERROR org.hibernate.tool.hbm2ddl.SchemaExport.perform(426) : HHH000389: Unsuccessful: alter table UsuarioRol drop foreign key FK4CA33E1BC6DE0AE
[SCEC] 2017-04-25 12:26:03,787 ERROR org.hibernate.tool.hbm2ddl.SchemaExport.perform(427) : Base table or view not found,  message from server: "Table 'login.UsuarioRol' doesn't exist"
[SCEC] 2017-04-25 12:26:03,792 ERROR org.hibernate.tool.hbm2ddl.SchemaExport.perform(426) : HHH000389: Unsuccessful: create table Estados (id bigint not null, Nombre varchar(255) not null unique, Descripcion varchar(255), primary key (id)) type=InnoDB
[SCEC] 2017-04-25 12:26:03,793 ERROR org.hibernate.tool.hbm2ddl.SchemaExport.perform(427) : Syntax error or access violation,  message from server: "You have an error in your SQL syntax; check the manual that corresponds to your MySQL server version for the right syntax to use near 'type=InnoDB' at line 6"
[SCEC] 2017-04-25 12:26:03,794 ERROR org.hibernate.tool.hbm2ddl.SchemaExport.perform(426) : HHH000389: Unsuccessful: create table Lugares (id bigint not null, Nombre varchar(255) not null unique, Descripcion varchar(255), Poblacion bigint, Coordenadas varchar(255), Estado varchar(255), Imagen varchar(255), Pais varchar(255), Moneda varchar(255), primary key (id)) type=InnoDB
[SCEC] 2017-04-25 12:26:03,795 ERROR org.hibernate.tool.hbm2ddl.SchemaExport.perform(427) : Syntax error or access violation,  message from server: "You have an error in your SQL syntax; check the manual that corresponds to your MySQL server version for the right syntax to use near 'type=InnoDB' at line 12"
[SCEC] 2017-04-25 12:26:03,797 ERROR org.hibernate.tool.hbm2ddl.SchemaExport.perform(426) : HHH000389: Unsuccessful: create table Pais (id bigint not null, Nombre varchar(255) not null unique, Descripcion varchar(255), primary key (id)) type=InnoDB
[SCEC] 2017-04-25 12:26:03,797 ERROR org.hibernate.tool.hbm2ddl.SchemaExport.perform(427) : Syntax error or access violation,  message from server: "You have an error in your SQL syntax; check the manual that corresponds to your MySQL server version for the right syntax to use near 'type=InnoDB' at line 6"
[SCEC] 2017-04-25 12:26:03,799 ERROR org.hibernate.tool.hbm2ddl.SchemaExport.perform(426) : HHH000389: Unsuccessful: create table Recomendaciones (id bigint not null, Nombre varchar(255) not null, Estado varchar(255), Usuario varchar(255), Fecha varchar(255), Comentario varchar(255), Calificacion bigint, primary key (id)) type=InnoDB
[SCEC] 2017-04-25 12:26:03,800 ERROR org.hibernate.tool.hbm2ddl.SchemaExport.perform(427) : Syntax error or access violation,  message from server: "You have an error in your SQL syntax; check the manual that corresponds to your MySQL server version for the right syntax to use near 'type=InnoDB' at line 10"
[SCEC] 2017-04-25 12:26:03,801 ERROR org.hibernate.tool.hbm2ddl.SchemaExport.perform(426) : HHH000389: Unsuccessful: create table Roles (idRol bigint not null, nombre varchar(255) not null unique, descripcion varchar(255), primary key (idRol)) type=InnoDB
[SCEC] 2017-04-25 12:26:03,802 ERROR org.hibernate.tool.hbm2ddl.SchemaExport.perform(427) : Syntax error or access violation,  message from server: "You have an error in your SQL syntax; check the manual that corresponds to your MySQL server version for the right syntax to use near 'type=InnoDB' at line 6"
[SCEC] 2017-04-25 12:26:03,804 ERROR org.hibernate.tool.hbm2ddl.SchemaExport.perform(426) : HHH000389: Unsuccessful: create table Tareas (idTareas bigint not null, TareaNombre varchar(255) unique, TareaDescripcion varchar(255), TareaEstado varchar(255), nombreUsuario varchar(255), primary key (idTareas)) type=InnoDB
[SCEC] 2017-04-25 12:26:03,805 ERROR org.hibernate.tool.hbm2ddl.SchemaExport.perform(427) : Syntax error or access violation,  message from server: "You have an error in your SQL syntax; check the manual that corresponds to your MySQL server version for the right syntax to use near 'type=InnoDB' at line 8"
[SCEC] 2017-04-25 12:26:03,806 ERROR org.hibernate.tool.hbm2ddl.SchemaExport.perform(426) : HHH000389: Unsuccessful: create table UsuarioRol (idUsuario bigint not null, idRol bigint not null) type=InnoDB
[SCEC] 2017-04-25 12:26:03,807 ERROR org.hibernate.tool.hbm2ddl.SchemaExport.perform(427) : Syntax error or access violation,  message from server: "You have an error in your SQL syntax; check the manual that corresponds to your MySQL server version for the right syntax to use near 'type=InnoDB' at line 4"
[SCEC] 2017-04-25 12:26:03,809 ERROR org.hibernate.tool.hbm2ddl.SchemaExport.perform(426) : HHH000389: Unsuccessful: create table Usuarios (idUsuario bigint not null, nombrePrefijo varchar(255), nombreNombre varchar(255), nombreApellidoPaterno varchar(255), nombreApellidoMaterno varchar(255), nombrePosfijo varchar(255), nombreIniciales varchar(255), lng float, lat float, nombreUsuario varchar(255) not null unique, claveAcceso varchar(255) not null, primary key (idUsuario)) type=InnoDB
[SCEC] 2017-04-25 12:26:03,809 ERROR org.hibernate.tool.hbm2ddl.SchemaExport.perform(427) : Syntax error or access violation,  message from server: "You have an error in your SQL syntax; check the manual that corresponds to your MySQL server version for the right syntax to use near 'type=InnoDB' at line 14"
[SCEC] 2017-04-25 12:26:03,811 ERROR org.hibernate.tool.hbm2ddl.SchemaExport.perform(426) : HHH000389: Unsuccessful: create table ciudades (idciudad bigint not null, nombre varchar(255) not null unique, descripcion varchar(255), primary key (idciudad)) type=InnoDB
[SCEC] 2017-04-25 12:26:03,811 ERROR org.hibernate.tool.hbm2ddl.SchemaExport.perform(427) : Syntax error or access violation,  message from server: "You have an error in your SQL syntax; check the manual that corresponds to your MySQL server version for the right syntax to use near 'type=InnoDB' at line 6"
[SCEC] 2017-04-25 12:26:03,813 ERROR org.hibernate.tool.hbm2ddl.SchemaExport.perform(426) : HHH000389: Unsuccessful: alter table UsuarioRol add index FK4CA33E1C7F566F0 (idRol), add constraint FK4CA33E1C7F566F0 foreign key (idRol) references Roles (idRol)
[SCEC] 2017-04-25 12:26:03,814 ERROR org.hibernate.tool.hbm2ddl.SchemaExport.perform(427) : Base table or view not found,  message from server: "Table 'login.UsuarioRol' doesn't exist"
[SCEC] 2017-04-25 12:26:03,815 ERROR org.hibernate.tool.hbm2ddl.SchemaExport.perform(426) : HHH000389: Unsuccessful: alter table UsuarioRol add index FK4CA33E1BC6DE0AE (idUsuario), add constraint FK4CA33E1BC6DE0AE foreign key (idUsuario) references Usuarios (idUsuario)
[SCEC] 2017-04-25 12:26:03,816 ERROR org.hibernate.tool.hbm2ddl.SchemaExport.perform(427) : Base table or view not found,  message from server: "Table 'login.UsuarioRol' doesn't exist"
[SCEC] 2017-04-25 12:26:03,819 DEBUG edu.uag.iidis.scec.persistencia.hibernate.HibernateUtil.beginTransaction(230) : >beginTransaction()
[SCEC] 2017-04-25 12:26:03,820 DEBUG edu.uag.iidis.scec.persistencia.hibernate.HibernateUtil.beginTransaction(237) : -Iniciando una nueva transacción de base de datos en este thread.
[SCEC] 2017-04-25 12:26:03,821 DEBUG edu.uag.iidis.scec.persistencia.hibernate.HibernateUtil.getSession(160) : >getSession()
[SCEC] 2017-04-25 12:26:03,821 DEBUG edu.uag.iidis.scec.persistencia.hibernate.HibernateUtil.getSession(167) : -Abriendo una nueva sesión para el thread.
[SCEC] 2017-04-25 12:26:03,822 DEBUG edu.uag.iidis.scec.persistencia.UsuarioDAO.hazPersistente(188) : >hazPersistente(usuario)
[SCEC] 2017-04-25 12:26:03,823 DEBUG edu.uag.iidis.scec.persistencia.hibernate.HibernateUtil.getSession(160) : >getSession()
Hibernate: select max(idUsuario) from Usuarios
[SCEC] 2017-04-25 12:26:03,825  WARN org.hibernate.engine.jdbc.spi.SqlExceptionHelper.logExceptions(143) : SQL Error: 1146, SQLState: 42S02
[SCEC] 2017-04-25 12:26:03,826 ERROR org.hibernate.engine.jdbc.spi.SqlExceptionHelper.logExceptions(144) : Base table or view not found,  message from server: "Table 'login.Usuarios' doesn't exist"
[SCEC] 2017-04-25 12:26:03,827  WARN edu.uag.iidis.scec.persistencia.UsuarioDAO.hazPersistente(198) : <HibernateException
[SCEC] 2017-04-25 12:26:03,828 DEBUG edu.uag.iidis.scec.persistencia.hibernate.HibernateUtil.rollbackTransaction(287) : >rollbackTransaction()
[SCEC] 2017-04-25 12:26:03,828 DEBUG edu.uag.iidis.scec.persistencia.hibernate.HibernateUtil.rollbackTransaction(295) : -Intentando deshacer la transacción para este thread.
[SCEC] 2017-04-25 12:26:03,829 DEBUG edu.uag.iidis.scec.persistencia.hibernate.HibernateUtil.rollbackTransaction(304) : -Intentando cerrar la sesión.
[SCEC] 2017-04-25 12:26:03,830 DEBUG edu.uag.iidis.scec.persistencia.hibernate.HibernateUtil.closeSession(204) : >closeSession()
[SCEC] 2017-04-25 12:26:03,830 DEBUG edu.uag.iidis.scec.persistencia.hibernate.HibernateUtil.closeSession(212) : -Cerrando la sesión local al thread.
[SCEC] 2017-04-25 12:26:03,831 DEBUG edu.uag.iidis.scec.persistencia.hibernate.HibernateUtil.closeSession(204) : >closeSession()
[SCEC] 2017-04-25 12:26:03,833 DEBUG edu.uag.iidis.scec.persistencia.UsuarioDAO.buscarPorId(33) : >buscarPorID(1, false)
[SCEC] 2017-04-25 12:26:03,834 DEBUG edu.uag.iidis.scec.persistencia.hibernate.HibernateUtil.getSession(160) : >getSession()
[SCEC] 2017-04-25 12:26:03,834 DEBUG edu.uag.iidis.scec.persistencia.hibernate.HibernateUtil.getSession(167) : -Abriendo una nueva sesión para el thread.
Hibernate: select usuario0_.idUsuario as idUsuario1_0_, usuario0_.nombrePrefijo as nombrePr2_1_0_, usuario0_.nombreNombre as nombreNo3_1_0_, usuario0_.nombreApellidoPaterno as nombreAp4_1_0_, usuario0_.nombreApellidoMaterno as nombreAp5_1_0_, usuario0_.nombrePosfijo as nombrePo6_1_0_, usuario0_.nombreIniciales as nombreIn7_1_0_, usuario0_.lng as lng1_0_, usuario0_.lat as lat1_0_, usuario0_.nombreUsuario as nombreU10_1_0_, usuario0_.claveAcceso as claveAc11_1_0_ from Usuarios usuario0_ where usuario0_.idUsuario=?
[SCEC] 2017-04-25 12:26:03,854  WARN org.hibernate.engine.jdbc.spi.SqlExceptionHelper.logExceptions(143) : SQL Error: 1146, SQLState: 42S02
[SCEC] 2017-04-25 12:26:03,854 ERROR org.hibernate.engine.jdbc.spi.SqlExceptionHelper.logExceptions(144) : Base table or view not found,  message from server: "Table 'login.Usuarios' doesn't exist"
[SCEC] 2017-04-25 12:26:03,855 DEBUG edu.uag.iidis.scec.persistencia.hibernate.HibernateUtil.closeSession(204) : >closeSession()
[SCEC] 2017-04-25 12:26:03,855 DEBUG edu.uag.iidis.scec.persistencia.hibernate.HibernateUtil.closeSession(212) : -Cerrando la sesión local al thread.
[SCEC] 2017-04-25 12:26:03,862 DEBUG edu.uag.iidis.scec.persistencia.hibernate.HibernateUtil.beginTransaction(230) : >beginTransaction()
[SCEC] 2017-04-25 12:26:03,863 DEBUG edu.uag.iidis.scec.persistencia.hibernate.HibernateUtil.beginTransaction(237) : -Iniciando una nueva transacción de base de datos en este thread.
[SCEC] 2017-04-25 12:26:03,863 DEBUG edu.uag.iidis.scec.persistencia.hibernate.HibernateUtil.getSession(160) : >getSession()
[SCEC] 2017-04-25 12:26:03,864 DEBUG edu.uag.iidis.scec.persistencia.hibernate.HibernateUtil.getSession(167) : -Abriendo una nueva sesión para el thread.
[SCEC] 2017-04-25 12:26:03,864 DEBUG edu.uag.iidis.scec.persistencia.UsuarioDAO.hazPersistente(188) : >hazPersistente(usuario)
[SCEC] 2017-04-25 12:26:03,865 DEBUG edu.uag.iidis.scec.persistencia.hibernate.HibernateUtil.getSession(160) : >getSession()
Hibernate: select max(idUsuario) from Usuarios
[SCEC] 2017-04-25 12:26:03,867  WARN org.hibernate.engine.jdbc.spi.SqlExceptionHelper.logExceptions(143) : SQL Error: 1146, SQLState: 42S02
[SCEC] 2017-04-25 12:26:03,868 ERROR org.hibernate.engine.jdbc.spi.SqlExceptionHelper.logExceptions(144) : Base table or view not found,  message from server: "Table 'login.Usuarios' doesn't exist"
[SCEC] 2017-04-25 12:26:03,869  WARN edu.uag.iidis.scec.persistencia.UsuarioDAO.hazPersistente(198) : <HibernateException
[SCEC] 2017-04-25 12:26:03,869 DEBUG edu.uag.iidis.scec.persistencia.hibernate.HibernateUtil.rollbackTransaction(287) : >rollbackTransaction()
[SCEC] 2017-04-25 12:26:03,870 DEBUG edu.uag.iidis.scec.persistencia.hibernate.HibernateUtil.rollbackTransaction(295) : -Intentando deshacer la transacción para este thread.
[SCEC] 2017-04-25 12:26:03,871 DEBUG edu.uag.iidis.scec.persistencia.hibernate.HibernateUtil.rollbackTransaction(304) : -Intentando cerrar la sesión.
[SCEC] 2017-04-25 12:26:03,871 DEBUG edu.uag.iidis.scec.persistencia.hibernate.HibernateUtil.closeSession(204) : >closeSession()
[SCEC] 2017-04-25 12:26:03,872 DEBUG edu.uag.iidis.scec.persistencia.hibernate.HibernateUtil.closeSession(212) : -Cerrando la sesión local al thread.
[SCEC] 2017-04-25 12:26:03,872 DEBUG edu.uag.iidis.scec.persistencia.hibernate.HibernateUtil.closeSession(204) : >closeSession()
[SCEC] 2017-04-25 12:26:03,877 DEBUG edu.uag.iidis.scec.persistencia.hibernate.HibernateUtil.beginTransaction(230) : >beginTransaction()
[SCEC] 2017-04-25 12:26:03,878 DEBUG edu.uag.iidis.scec.persistencia.hibernate.HibernateUtil.beginTransaction(237) : -Iniciando una nueva transacción de base de datos en este thread.
[SCEC] 2017-04-25 12:26:03,879 DEBUG edu.uag.iidis.scec.persistencia.hibernate.HibernateUtil.getSession(160) : >getSession()
[SCEC] 2017-04-25 12:26:03,879 DEBUG edu.uag.iidis.scec.persistencia.hibernate.HibernateUtil.getSession(167) : -Abriendo una nueva sesión para el thread.
[SCEC] 2017-04-25 12:26:03,880 DEBUG edu.uag.iidis.scec.persistencia.UsuarioDAO.buscarPorId(33) : >buscarPorID(1, false)
[SCEC] 2017-04-25 12:26:03,881 DEBUG edu.uag.iidis.scec.persistencia.hibernate.HibernateUtil.getSession(160) : >getSession()
Hibernate: select usuario0_.idUsuario as idUsuario1_0_, usuario0_.nombrePrefijo as nombrePr2_1_0_, usuario0_.nombreNombre as nombreNo3_1_0_, usuario0_.nombreApellidoPaterno as nombreAp4_1_0_, usuario0_.nombreApellidoMaterno as nombreAp5_1_0_, usuario0_.nombrePosfijo as nombrePo6_1_0_, usuario0_.nombreIniciales as nombreIn7_1_0_, usuario0_.lng as lng1_0_, usuario0_.lat as lat1_0_, usuario0_.nombreUsuario as nombreU10_1_0_, usuario0_.claveAcceso as claveAc11_1_0_ from Usuarios usuario0_ where usuario0_.idUsuario=?
[SCEC] 2017-04-25 12:26:03,885  WARN org.hibernate.engine.jdbc.spi.SqlExceptionHelper.logExceptions(143) : SQL Error: 1146, SQLState: 42S02
[SCEC] 2017-04-25 12:26:03,886 ERROR org.hibernate.engine.jdbc.spi.SqlExceptionHelper.logExceptions(144) : Base table or view not found,  message from server: "Table 'login.Usuarios' doesn't exist"
[SCEC] 2017-04-25 12:26:03,886 DEBUG edu.uag.iidis.scec.persistencia.hibernate.HibernateUtil.rollbackTransaction(287) : >rollbackTransaction()
[SCEC] 2017-04-25 12:26:03,887 DEBUG edu.uag.iidis.scec.persistencia.hibernate.HibernateUtil.rollbackTransaction(295) : -Intentando deshacer la transacción para este thread.
[SCEC] 2017-04-25 12:26:03,888 DEBUG edu.uag.iidis.scec.persistencia.hibernate.HibernateUtil.rollbackTransaction(304) : -Intentando cerrar la sesión.
[SCEC] 2017-04-25 12:26:03,888 DEBUG edu.uag.iidis.scec.persistencia.hibernate.HibernateUtil.closeSession(204) : >closeSession()
[SCEC] 2017-04-25 12:26:03,889 DEBUG edu.uag.iidis.scec.persistencia.hibernate.HibernateUtil.closeSession(212) : -Cerrando la sesión local al thread.
[SCEC] 2017-04-25 12:26:03,890 DEBUG edu.uag.iidis.scec.persistencia.hibernate.HibernateUtil.closeSession(204) : >closeSession()
[SCEC] 2017-04-25 12:26:03,896 DEBUG edu.uag.iidis.scec.persistencia.UsuarioDAO.buscarPorId(33) : >buscarPorID(1, false)
[SCEC] 2017-04-25 12:26:03,897 DEBUG edu.uag.iidis.scec.persistencia.hibernate.HibernateUtil.getSession(160) : >getSession()
[SCEC] 2017-04-25 12:26:03,898 DEBUG edu.uag.iidis.scec.persistencia.hibernate.HibernateUtil.getSession(167) : -Abriendo una nueva sesión para el thread.
Hibernate: select usuario0_.idUsuario as idUsuario1_0_, usuario0_.nombrePrefijo as nombrePr2_1_0_, usuario0_.nombreNombre as nombreNo3_1_0_, usuario0_.nombreApellidoPaterno as nombreAp4_1_0_, usuario0_.nombreApellidoMaterno as nombreAp5_1_0_, usuario0_.nombrePosfijo as nombrePo6_1_0_, usuario0_.nombreIniciales as nombreIn7_1_0_, usuario0_.lng as lng1_0_, usuario0_.lat as lat1_0_, usuario0_.nombreUsuario as nombreU10_1_0_, usuario0_.claveAcceso as claveAc11_1_0_ from Usuarios usuario0_ where usuario0_.idUsuario=?
[SCEC] 2017-04-25 12:26:03,901  WARN org.hibernate.engine.jdbc.spi.SqlExceptionHelper.logExceptions(143) : SQL Error: 1146, SQLState: 42S02
[SCEC] 2017-04-25 12:26:03,902 ERROR org.hibernate.engine.jdbc.spi.SqlExceptionHelper.logExceptions(144) : Base table or view not found,  message from server: "Table 'login.Usuarios' doesn't exist"
[SCEC] 2017-04-25 12:26:03,903 DEBUG edu.uag.iidis.scec.persistencia.hibernate.HibernateUtil.closeSession(204) : >closeSession()
[SCEC] 2017-04-25 12:26:03,904 DEBUG edu.uag.iidis.scec.persistencia.hibernate.HibernateUtil.closeSession(212) : -Cerrando la sesión local al thread.
[SCEC] 2017-04-25 12:26:03,908 DEBUG edu.uag.iidis.scec.persistencia.UsuarioDAO.buscarPorEjemplo(124) : >buscarPorEjemplo()
[SCEC] 2017-04-25 12:26:03,909 DEBUG edu.uag.iidis.scec.persistencia.hibernate.HibernateUtil.getSession(160) : >getSession()
[SCEC] 2017-04-25 12:26:03,909 DEBUG edu.uag.iidis.scec.persistencia.hibernate.HibernateUtil.getSession(167) : -Abriendo una nueva sesión para el thread.
Hibernate: select this_.idUsuario as idUsuario1_0_, this_.nombrePrefijo as nombrePr2_1_0_, this_.nombreNombre as nombreNo3_1_0_, this_.nombreApellidoPaterno as nombreAp4_1_0_, this_.nombreApellidoMaterno as nombreAp5_1_0_, this_.nombrePosfijo as nombrePo6_1_0_, this_.nombreIniciales as nombreIn7_1_0_, this_.lng as lng1_0_, this_.lat as lat1_0_, this_.nombreUsuario as nombreU10_1_0_, this_.claveAcceso as claveAc11_1_0_ from Usuarios this_ where (this_.nombreUsuario=?)
[SCEC] 2017-04-25 12:26:03,945  WARN org.hibernate.engine.jdbc.spi.SqlExceptionHelper.logExceptions(143) : SQL Error: 1146, SQLState: 42S02
[SCEC] 2017-04-25 12:26:03,946 ERROR org.hibernate.engine.jdbc.spi.SqlExceptionHelper.logExceptions(144) : Base table or view not found,  message from server: "Table 'login.Usuarios' doesn't exist"
[SCEC] 2017-04-25 12:26:03,947  WARN edu.uag.iidis.scec.persistencia.UsuarioDAO.buscarPorEjemplo(135) : <HibernateException
[SCEC] 2017-04-25 12:26:03,947 DEBUG edu.uag.iidis.scec.persistencia.hibernate.HibernateUtil.closeSession(204) : >closeSession()
[SCEC] 2017-04-25 12:26:03,948 DEBUG edu.uag.iidis.scec.persistencia.hibernate.HibernateUtil.closeSession(212) : -Cerrando la sesión local al thread.
[SCEC] 2017-04-25 12:26:03,953 DEBUG edu.uag.iidis.scec.persistencia.UsuarioDAO.buscarTodos(100) : >buscarTodos()
[SCEC] 2017-04-25 12:26:03,954 DEBUG edu.uag.iidis.scec.persistencia.hibernate.HibernateUtil.getSession(160) : >getSession()
[SCEC] 2017-04-25 12:26:03,955 DEBUG edu.uag.iidis.scec.persistencia.hibernate.HibernateUtil.getSession(167) : -Abriendo una nueva sesión para el thread.
Hibernate: select this_.idUsuario as idUsuario1_0_, this_.nombrePrefijo as nombrePr2_1_0_, this_.nombreNombre as nombreNo3_1_0_, this_.nombreApellidoPaterno as nombreAp4_1_0_, this_.nombreApellidoMaterno as nombreAp5_1_0_, this_.nombrePosfijo as nombrePo6_1_0_, this_.nombreIniciales as nombreIn7_1_0_, this_.lng as lng1_0_, this_.lat as lat1_0_, this_.nombreUsuario as nombreU10_1_0_, this_.claveAcceso as claveAc11_1_0_ from Usuarios this_
[SCEC] 2017-04-25 12:26:03,958  WARN org.hibernate.engine.jdbc.spi.SqlExceptionHelper.logExceptions(143) : SQL Error: 1146, SQLState: 42S02
[SCEC] 2017-04-25 12:26:03,959 ERROR org.hibernate.engine.jdbc.spi.SqlExceptionHelper.logExceptions(144) : Base table or view not found,  message from server: "Table 'login.Usuarios' doesn't exist"
[SCEC] 2017-04-25 12:26:03,960  WARN edu.uag.iidis.scec.persistencia.UsuarioDAO.buscarTodos(111) : <HibernateException
[SCEC] 2017-04-25 12:26:03,960 DEBUG edu.uag.iidis.scec.persistencia.hibernate.HibernateUtil.closeSession(204) : >closeSession()
[SCEC] 2017-04-25 12:26:03,961 DEBUG edu.uag.iidis.scec.persistencia.hibernate.HibernateUtil.closeSession(212) : -Cerrando la sesión local al thread.
[SCEC] 2017-04-25 12:26:03,966 DEBUG edu.uag.iidis.scec.persistencia.hibernate.HibernateUtil.beginTransaction(230) : >beginTransaction()
[SCEC] 2017-04-25 12:26:03,967 DEBUG edu.uag.iidis.scec.persistencia.hibernate.HibernateUtil.beginTransaction(237) : -Iniciando una nueva transacción de base de datos en este thread.
[SCEC] 2017-04-25 12:26:03,968 DEBUG edu.uag.iidis.scec.persistencia.hibernate.HibernateUtil.getSession(160) : >getSession()
[SCEC] 2017-04-25 12:26:03,968 DEBUG edu.uag.iidis.scec.persistencia.hibernate.HibernateUtil.getSession(167) : -Abriendo una nueva sesión para el thread.
[SCEC] 2017-04-25 12:26:03,969 DEBUG edu.uag.iidis.scec.persistencia.RolDAO.buscarPorId(33) : >buscarPorID(2, false)
[SCEC] 2017-04-25 12:26:03,970 DEBUG edu.uag.iidis.scec.persistencia.hibernate.HibernateUtil.getSession(160) : >getSession()
[SCEC] 2017-04-25 12:26:03,971 DEBUG edu.uag.iidis.scec.persistencia.UsuarioDAO.buscarPorId(33) : >buscarPorID(1, false)
[SCEC] 2017-04-25 12:26:03,971 DEBUG edu.uag.iidis.scec.persistencia.hibernate.HibernateUtil.getSession(160) : >getSession()
Hibernate: select usuario0_.idUsuario as idUsuario1_0_, usuario0_.nombrePrefijo as nombrePr2_1_0_, usuario0_.nombreNombre as nombreNo3_1_0_, usuario0_.nombreApellidoPaterno as nombreAp4_1_0_, usuario0_.nombreApellidoMaterno as nombreAp5_1_0_, usuario0_.nombrePosfijo as nombrePo6_1_0_, usuario0_.nombreIniciales as nombreIn7_1_0_, usuario0_.lng as lng1_0_, usuario0_.lat as lat1_0_, usuario0_.nombreUsuario as nombreU10_1_0_, usuario0_.claveAcceso as claveAc11_1_0_ from Usuarios usuario0_ where usuario0_.idUsuario=?
[SCEC] 2017-04-25 12:26:03,974  WARN org.hibernate.engine.jdbc.spi.SqlExceptionHelper.logExceptions(143) : SQL Error: 1146, SQLState: 42S02
[SCEC] 2017-04-25 12:26:03,975 ERROR org.hibernate.engine.jdbc.spi.SqlExceptionHelper.logExceptions(144) : Base table or view not found,  message from server: "Table 'login.Usuarios' doesn't exist"
[SCEC] 2017-04-25 12:26:03,976 DEBUG edu.uag.iidis.scec.persistencia.hibernate.HibernateUtil.closeSession(204) : >closeSession()
[SCEC] 2017-04-25 12:26:03,977 DEBUG edu.uag.iidis.scec.persistencia.hibernate.HibernateUtil.closeSession(212) : -Cerrando la sesión local al thread.
[SCEC] 2017-04-25 12:26:04,007 ERROR org.hibernate.tool.hbm2ddl.SchemaExport.perform(426) : HHH000389: Unsuccessful: alter table UsuarioRol drop foreign key FK4CA33E1C7F566F0
[SCEC] 2017-04-25 12:26:04,008 ERROR org.hibernate.tool.hbm2ddl.SchemaExport.perform(427) : Base table or view not found,  message from server: "Table 'login.UsuarioRol' doesn't exist"
[SCEC] 2017-04-25 12:26:04,009 ERROR org.hibernate.tool.hbm2ddl.SchemaExport.perform(426) : HHH000389: Unsuccessful: alter table UsuarioRol drop foreign key FK4CA33E1BC6DE0AE
[SCEC] 2017-04-25 12:26:04,010 ERROR org.hibernate.tool.hbm2ddl.SchemaExport.perform(427) : Base table or view not found,  message from server: "Table 'login.UsuarioRol' doesn't exist"
[SCEC] 2017-04-25 12:26:04,014 ERROR org.hibernate.tool.hbm2ddl.SchemaExport.perform(426) : HHH000389: Unsuccessful: create table Estados (id bigint not null, Nombre varchar(255) not null unique, Descripcion varchar(255), primary key (id)) type=InnoDB
[SCEC] 2017-04-25 12:26:04,015 ERROR org.hibernate.tool.hbm2ddl.SchemaExport.perform(427) : Syntax error or access violation,  message from server: "You have an error in your SQL syntax; check the manual that corresponds to your MySQL server version for the right syntax to use near 'type=InnoDB' at line 6"
[SCEC] 2017-04-25 12:26:04,016 ERROR org.hibernate.tool.hbm2ddl.SchemaExport.perform(426) : HHH000389: Unsuccessful: create table Lugares (id bigint not null, Nombre varchar(255) not null unique, Descripcion varchar(255), Poblacion bigint, Coordenadas varchar(255), Estado varchar(255), Imagen varchar(255), Pais varchar(255), Moneda varchar(255), primary key (id)) type=InnoDB
[SCEC] 2017-04-25 12:26:04,017 ERROR org.hibernate.tool.hbm2ddl.SchemaExport.perform(427) : Syntax error or access violation,  message from server: "You have an error in your SQL syntax; check the manual that corresponds to your MySQL server version for the right syntax to use near 'type=InnoDB' at line 12"
[SCEC] 2017-04-25 12:26:04,018 ERROR org.hibernate.tool.hbm2ddl.SchemaExport.perform(426) : HHH000389: Unsuccessful: create table Pais (id bigint not null, Nombre varchar(255) not null unique, Descripcion varchar(255), primary key (id)) type=InnoDB
[SCEC] 2017-04-25 12:26:04,018 ERROR org.hibernate.tool.hbm2ddl.SchemaExport.perform(427) : Syntax error or access violation,  message from server: "You have an error in your SQL syntax; check the manual that corresponds to your MySQL server version for the right syntax to use near 'type=InnoDB' at line 6"
[SCEC] 2017-04-25 12:26:04,020 ERROR org.hibernate.tool.hbm2ddl.SchemaExport.perform(426) : HHH000389: Unsuccessful: create table Recomendaciones (id bigint not null, Nombre varchar(255) not null, Estado varchar(255), Usuario varchar(255), Fecha varchar(255), Comentario varchar(255), Calificacion bigint, primary key (id)) type=InnoDB
[SCEC] 2017-04-25 12:26:04,020 ERROR org.hibernate.tool.hbm2ddl.SchemaExport.perform(427) : Syntax error or access violation,  message from server: "You have an error in your SQL syntax; check the manual that corresponds to your MySQL server version for the right syntax to use near 'type=InnoDB' at line 10"
[SCEC] 2017-04-25 12:26:04,021 ERROR org.hibernate.tool.hbm2ddl.SchemaExport.perform(426) : HHH000389: Unsuccessful: create table Roles (idRol bigint not null, nombre varchar(255) not null unique, descripcion varchar(255), primary key (idRol)) type=InnoDB
[SCEC] 2017-04-25 12:26:04,022 ERROR org.hibernate.tool.hbm2ddl.SchemaExport.perform(427) : Syntax error or access violation,  message from server: "You have an error in your SQL syntax; check the manual that corresponds to your MySQL server version for the right syntax to use near 'type=InnoDB' at line 6"
[SCEC] 2017-04-25 12:26:04,023 ERROR org.hibernate.tool.hbm2ddl.SchemaExport.perform(426) : HHH000389: Unsuccessful: create table Tareas (idTareas bigint not null, TareaNombre varchar(255) unique, TareaDescripcion varchar(255), TareaEstado varchar(255), nombreUsuario varchar(255), primary key (idTareas)) type=InnoDB
[SCEC] 2017-04-25 12:26:04,024 ERROR org.hibernate.tool.hbm2ddl.SchemaExport.perform(427) : Syntax error or access violation,  message from server: "You have an error in your SQL syntax; check the manual that corresponds to your MySQL server version for the right syntax to use near 'type=InnoDB' at line 8"
[SCEC] 2017-04-25 12:26:04,025 ERROR org.hibernate.tool.hbm2ddl.SchemaExport.perform(426) : HHH000389: Unsuccessful: create table UsuarioRol (idUsuario bigint not null, idRol bigint not null) type=InnoDB
[SCEC] 2017-04-25 12:26:04,026 ERROR org.hibernate.tool.hbm2ddl.SchemaExport.perform(427) : Syntax error or access violation,  message from server: "You have an error in your SQL syntax; check the manual that corresponds to your MySQL server version for the right syntax to use near 'type=InnoDB' at line 4"
[SCEC] 2017-04-25 12:26:04,027 ERROR org.hibernate.tool.hbm2ddl.SchemaExport.perform(426) : HHH000389: Unsuccessful: create table Usuarios (idUsuario bigint not null, nombrePrefijo varchar(255), nombreNombre varchar(255), nombreApellidoPaterno varchar(255), nombreApellidoMaterno varchar(255), nombrePosfijo varchar(255), nombreIniciales varchar(255), lng float, lat float, nombreUsuario varchar(255) not null unique, claveAcceso varchar(255) not null, primary key (idUsuario)) type=InnoDB
[SCEC] 2017-04-25 12:26:04,028 ERROR org.hibernate.tool.hbm2ddl.SchemaExport.perform(427) : Syntax error or access violation,  message from server: "You have an error in your SQL syntax; check the manual that corresponds to your MySQL server version for the right syntax to use near 'type=InnoDB' at line 14"
[SCEC] 2017-04-25 12:26:04,029 ERROR org.hibernate.tool.hbm2ddl.SchemaExport.perform(426) : HHH000389: Unsuccessful: create table ciudades (idciudad bigint not null, nombre varchar(255) not null unique, descripcion varchar(255), primary key (idciudad)) type=InnoDB
[SCEC] 2017-04-25 12:26:04,029 ERROR org.hibernate.tool.hbm2ddl.SchemaExport.perform(427) : Syntax error or access violation,  message from server: "You have an error in your SQL syntax; check the manual that corresponds to your MySQL server version for the right syntax to use near 'type=InnoDB' at line 6"
[SCEC] 2017-04-25 12:26:04,031 ERROR org.hibernate.tool.hbm2ddl.SchemaExport.perform(426) : HHH000389: Unsuccessful: alter table UsuarioRol add index FK4CA33E1C7F566F0 (idRol), add constraint FK4CA33E1C7F566F0 foreign key (idRol) references Roles (idRol)
[SCEC] 2017-04-25 12:26:04,031 ERROR org.hibernate.tool.hbm2ddl.SchemaExport.perform(427) : Base table or view not found,  message from server: "Table 'login.UsuarioRol' doesn't exist"
[SCEC] 2017-04-25 12:26:04,033 ERROR org.hibernate.tool.hbm2ddl.SchemaExport.perform(426) : HHH000389: Unsuccessful: alter table UsuarioRol add index FK4CA33E1BC6DE0AE (idUsuario), add constraint FK4CA33E1BC6DE0AE foreign key (idUsuario) references Usuarios (idUsuario)
[SCEC] 2017-04-25 12:26:04,033 ERROR org.hibernate.tool.hbm2ddl.SchemaExport.perform(427) : Base table or view not found,  message from server: "Table 'login.UsuarioRol' doesn't exist"
[SCEC] 2017-04-25 12:26:04,066 ERROR org.hibernate.tool.hbm2ddl.SchemaExport.perform(426) : HHH000389: Unsuccessful: alter table UsuarioRol drop foreign key FK4CA33E1C7F566F0
[SCEC] 2017-04-25 12:26:04,067 ERROR org.hibernate.tool.hbm2ddl.SchemaExport.perform(427) : Base table or view not found,  message from server: "Table 'login.UsuarioRol' doesn't exist"
[SCEC] 2017-04-25 12:26:04,068 ERROR org.hibernate.tool.hbm2ddl.SchemaExport.perform(426) : HHH000389: Unsuccessful: alter table UsuarioRol drop foreign key FK4CA33E1BC6DE0AE
[SCEC] 2017-04-25 12:26:04,069 ERROR org.hibernate.tool.hbm2ddl.SchemaExport.perform(427) : Base table or view not found,  message from server: "Table 'login.UsuarioRol' doesn't exist"
[SCEC] 2017-04-25 12:26:04,073 ERROR org.hibernate.tool.hbm2ddl.SchemaExport.perform(426) : HHH000389: Unsuccessful: create table Estados (id bigint not null, Nombre varchar(255) not null unique, Descripcion varchar(255), primary key (id)) type=InnoDB
[SCEC] 2017-04-25 12:26:04,073 ERROR org.hibernate.tool.hbm2ddl.SchemaExport.perform(427) : Syntax error or access violation,  message from server: "You have an error in your SQL syntax; check the manual that corresponds to your MySQL server version for the right syntax to use near 'type=InnoDB' at line 6"
[SCEC] 2017-04-25 12:26:04,075 ERROR org.hibernate.tool.hbm2ddl.SchemaExport.perform(426) : HHH000389: Unsuccessful: create table Lugares (id bigint not null, Nombre varchar(255) not null unique, Descripcion varchar(255), Poblacion bigint, Coordenadas varchar(255), Estado varchar(255), Imagen varchar(255), Pais varchar(255), Moneda varchar(255), primary key (id)) type=InnoDB
[SCEC] 2017-04-25 12:26:04,075 ERROR org.hibernate.tool.hbm2ddl.SchemaExport.perform(427) : Syntax error or access violation,  message from server: "You have an error in your SQL syntax; check the manual that corresponds to your MySQL server version for the right syntax to use near 'type=InnoDB' at line 12"
[SCEC] 2017-04-25 12:26:04,077 ERROR org.hibernate.tool.hbm2ddl.SchemaExport.perform(426) : HHH000389: Unsuccessful: create table Pais (id bigint not null, Nombre varchar(255) not null unique, Descripcion varchar(255), primary key (id)) type=InnoDB
[SCEC] 2017-04-25 12:26:04,077 ERROR org.hibernate.tool.hbm2ddl.SchemaExport.perform(427) : Syntax error or access violation,  message from server: "You have an error in your SQL syntax; check the manual that corresponds to your MySQL server version for the right syntax to use near 'type=InnoDB' at line 6"
[SCEC] 2017-04-25 12:26:04,079 ERROR org.hibernate.tool.hbm2ddl.SchemaExport.perform(426) : HHH000389: Unsuccessful: create table Recomendaciones (id bigint not null, Nombre varchar(255) not null, Estado varchar(255), Usuario varchar(255), Fecha varchar(255), Comentario varchar(255), Calificacion bigint, primary key (id)) type=InnoDB
[SCEC] 2017-04-25 12:26:04,079 ERROR org.hibernate.tool.hbm2ddl.SchemaExport.perform(427) : Syntax error or access violation,  message from server: "You have an error in your SQL syntax; check the manual that corresponds to your MySQL server version for the right syntax to use near 'type=InnoDB' at line 10"
[SCEC] 2017-04-25 12:26:04,080 ERROR org.hibernate.tool.hbm2ddl.SchemaExport.perform(426) : HHH000389: Unsuccessful: create table Roles (idRol bigint not null, nombre varchar(255) not null unique, descripcion varchar(255), primary key (idRol)) type=InnoDB
[SCEC] 2017-04-25 12:26:04,081 ERROR org.hibernate.tool.hbm2ddl.SchemaExport.perform(427) : Syntax error or access violation,  message from server: "You have an error in your SQL syntax; check the manual that corresponds to your MySQL server version for the right syntax to use near 'type=InnoDB' at line 6"
[SCEC] 2017-04-25 12:26:04,082 ERROR org.hibernate.tool.hbm2ddl.SchemaExport.perform(426) : HHH000389: Unsuccessful: create table Tareas (idTareas bigint not null, TareaNombre varchar(255) unique, TareaDescripcion varchar(255), TareaEstado varchar(255), nombreUsuario varchar(255), primary key (idTareas)) type=InnoDB
[SCEC] 2017-04-25 12:26:04,083 ERROR org.hibernate.tool.hbm2ddl.SchemaExport.perform(427) : Syntax error or access violation,  message from server: "You have an error in your SQL syntax; check the manual that corresponds to your MySQL server version for the right syntax to use near 'type=InnoDB' at line 8"
[SCEC] 2017-04-25 12:26:04,084 ERROR org.hibernate.tool.hbm2ddl.SchemaExport.perform(426) : HHH000389: Unsuccessful: create table UsuarioRol (idUsuario bigint not null, idRol bigint not null) type=InnoDB
[SCEC] 2017-04-25 12:26:04,085 ERROR org.hibernate.tool.hbm2ddl.SchemaExport.perform(427) : Syntax error or access violation,  message from server: "You have an error in your SQL syntax; check the manual that corresponds to your MySQL server version for the right syntax to use near 'type=InnoDB' at line 4"
[SCEC] 2017-04-25 12:26:04,086 ERROR org.hibernate.tool.hbm2ddl.SchemaExport.perform(426) : HHH000389: Unsuccessful: create table Usuarios (idUsuario bigint not null, nombrePrefijo varchar(255), nombreNombre varchar(255), nombreApellidoPaterno varchar(255), nombreApellidoMaterno varchar(255), nombrePosfijo varchar(255), nombreIniciales varchar(255), lng float, lat float, nombreUsuario varchar(255) not null unique, claveAcceso varchar(255) not null, primary key (idUsuario)) type=InnoDB
[SCEC] 2017-04-25 12:26:04,087 ERROR org.hibernate.tool.hbm2ddl.SchemaExport.perform(427) : Syntax error or access violation,  message from server: "You have an error in your SQL syntax; check the manual that corresponds to your MySQL server version for the right syntax to use near 'type=InnoDB' at line 14"
[SCEC] 2017-04-25 12:26:04,088 ERROR org.hibernate.tool.hbm2ddl.SchemaExport.perform(426) : HHH000389: Unsuccessful: create table ciudades (idciudad bigint not null, nombre varchar(255) not null unique, descripcion varchar(255), primary key (idciudad)) type=InnoDB
[SCEC] 2017-04-25 12:26:04,088 ERROR org.hibernate.tool.hbm2ddl.SchemaExport.perform(427) : Syntax error or access violation,  message from server: "You have an error in your SQL syntax; check the manual that corresponds to your MySQL server version for the right syntax to use near 'type=InnoDB' at line 6"
[SCEC] 2017-04-25 12:26:04,090 ERROR org.hibernate.tool.hbm2ddl.SchemaExport.perform(426) : HHH000389: Unsuccessful: alter table UsuarioRol add index FK4CA33E1C7F566F0 (idRol), add constraint FK4CA33E1C7F566F0 foreign key (idRol) references Roles (idRol)
[SCEC] 2017-04-25 12:26:04,090 ERROR org.hibernate.tool.hbm2ddl.SchemaExport.perform(427) : Base table or view not found,  message from server: "Table 'login.UsuarioRol' doesn't exist"
[SCEC] 2017-04-25 12:26:04,092 ERROR org.hibernate.tool.hbm2ddl.SchemaExport.perform(426) : HHH000389: Unsuccessful: alter table UsuarioRol add index FK4CA33E1BC6DE0AE (idUsuario), add constraint FK4CA33E1BC6DE0AE foreign key (idUsuario) references Usuarios (idUsuario)
[SCEC] 2017-04-25 12:26:04,092 ERROR org.hibernate.tool.hbm2ddl.SchemaExport.perform(427) : Base table or view not found,  message from server: "Table 'login.UsuarioRol' doesn't exist"
]]></system-out>
  <system-err><![CDATA[]]></system-err>
</testsuite>
